使用设备：cuda

========== Epoch 1/6 ==========
Batch 0/938 | 损失：2.2570 | 准确率：0.1250 | 睡眠压力：0.0217 | β蛋白浓度：0.1969
Batch 10/938 | 损失：0.8717 | 准确率：0.6562 | 睡眠压力：0.5623 | β蛋白浓度：0.4425

=== 触发睡眠 | 当前睡眠压力：0.6193 | 全局β蛋白浓度：0.4431 ===
生成2个睡眠周期 | 周期详情：[(66, 33), (33, 66)]

--- 第1个睡眠周期 | SWS=66步 | REM=33步 ---
SWS记忆巩固完成 | 平均损失：0.1242
=== 激活类淋巴系统，执行脑脊液β蛋白清除 ===
模块0 β蛋白浓度：0.3888
模块1 β蛋白浓度：0.5000
清除完成：权重清除比例0.0500 | 清除死神经元10个
突触稳态调控完成 | 修剪比例：0.0100
REM梦境训练完成 | 平均损失：2.1125

--- 第2个睡眠周期 | SWS=33步 | REM=66步 ---
SWS记忆巩固完成 | 平均损失：0.2985
=== 激活类淋巴系统，执行脑脊液β蛋白清除 ===
模块0 β蛋白浓度：0.5000
模块1 β蛋白浓度：0.5000
清除完成：权重清除比例0.0500 | 清除死神经元10个
突触稳态调控完成 | 修剪比例：0.0100
REM梦境训练完成 | 平均损失：1.5937

=== 睡眠结束 ===
平均SWS损失：0.2114 | 平均REM损失：1.8531
平均β蛋白清除比例：0.0500
Batch 20/938 | 损失：0.4861 | 准确率：0.8594 | 睡眠压力：0.0498 | β蛋白浓度：0.2771
Batch 30/938 | 损失：0.3588 | 准确率：0.8906 | 睡眠压力：0.1074 | β蛋白浓度：0.5000
Batch 40/938 | 损失：0.3518 | 准确率：0.8125 | 睡眠压力：0.1647 | β蛋白浓度：0.5000
Batch 50/938 | 损失：0.1001 | 准确率：0.9531 | 睡眠压力：0.2219 | β蛋白浓度：0.5000
Batch 60/938 | 损失：0.2703 | 准确率：0.9531 | 睡眠压力：0.2795 | β蛋白浓度：0.5000
Batch 70/938 | 损失：0.2215 | 准确率：0.9219 | 睡眠压力：0.3373 | β蛋白浓度：0.5000
Batch 80/938 | 损失：0.1212 | 准确率：0.9844 | 睡眠压力：0.3944 | β蛋白浓度：0.5000
Batch 90/938 | 损失：0.3362 | 准确率：0.9062 | 睡眠压力：0.4518 | β蛋白浓度：0.5000
Batch 100/938 | 损失：0.0630 | 准确率：1.0000 | 睡眠压力：0.5091 | β蛋白浓度：0.5000
Batch 110/938 | 损失：0.1862 | 准确率：0.9531 | 睡眠压力：0.5663 | β蛋白浓度：0.5000

=== 触发睡眠 | 当前睡眠压力：0.6287 | 全局β蛋白浓度：0.5000 ===
生成2个睡眠周期 | 周期详情：[(66, 33), (33, 66)]

--- 第1个睡眠周期 | SWS=66步 | REM=33步 ---
SWS记忆巩固完成 | 平均损失：0.0343
=== 激活类淋巴系统，执行脑脊液β蛋白清除 ===
模块0 β蛋白浓度：0.5000
模块1 β蛋白浓度：0.5000
清除完成：权重清除比例0.0500 | 清除死神经元10个
突触稳态调控完成 | 修剪比例：0.0100
REM梦境训练完成 | 平均损失：2.0872

--- 第2个睡眠周期 | SWS=33步 | REM=66步 ---
SWS记忆巩固完成 | 平均损失：0.2196
=== 激活类淋巴系统，执行脑脊液β蛋白清除 ===
模块0 β蛋白浓度：0.5000
模块1 β蛋白浓度：0.5000
清除完成：权重清除比例0.0500 | 清除死神经元10个
突触稳态调控完成 | 修剪比例：0.0100
REM梦境训练完成 | 平均损失：1.6882

=== 睡眠结束 ===
平均SWS损失：0.1270 | 平均REM损失：1.8877
平均β蛋白清除比例：0.0500
Batch 120/938 | 损失：0.2327 | 准确率：0.8906 | 睡眠压力：0.0439 | β蛋白浓度：0.2771
Batch 130/938 | 损失：0.1309 | 准确率：0.9531 | 睡眠压力：0.1012 | β蛋白浓度：0.5000
Batch 140/938 | 损失：0.1330 | 准确率：0.9531 | 睡眠压力：0.1590 | β蛋白浓度：0.5000
Batch 150/938 | 损失：0.2443 | 准确率：0.9219 | 睡眠压力：0.2167 | β蛋白浓度：0.5000
Batch 160/938 | 损失：0.1123 | 准确率：0.9688 | 睡眠压力：0.2740 | β蛋白浓度：0.5000
Batch 170/938 | 损失：0.2132 | 准确率：0.9531 | 睡眠压力：0.3313 | β蛋白浓度：0.5000
Batch 180/938 | 损失：0.0687 | 准确率：0.9688 | 睡眠压力：0.3885 | β蛋白浓度：0.5000
Batch 190/938 | 损失：0.1251 | 准确率：0.9375 | 睡眠压力：0.4456 | β蛋白浓度：0.5000
Batch 200/938 | 损失：0.2757 | 准确率：0.9531 | 睡眠压力：0.5024 | β蛋白浓度：0.5000
Batch 210/938 | 损失：0.1947 | 准确率：0.9844 | 睡眠压力：0.5593 | β蛋白浓度：0.5000

=== 触发睡眠 | 当前睡眠压力：0.6269 | 全局β蛋白浓度：0.5000 ===
生成2个睡眠周期 | 周期详情：[(66, 33), (33, 66)]

--- 第1个睡眠周期 | SWS=66步 | REM=33步 ---
SWS记忆巩固完成 | 平均损失：0.0439
=== 激活类淋巴系统，执行脑脊液β蛋白清除 ===
模块0 β蛋白浓度：0.5000
模块1 β蛋白浓度：0.5000
清除完成：权重清除比例0.0500 | 清除死神经元10个
突触稳态调控完成 | 修剪比例：0.0100
REM梦境训练完成 | 平均损失：2.0721

--- 第2个睡眠周期 | SWS=33步 | REM=66步 ---
SWS记忆巩固完成 | 平均损失：0.1598
=== 激活类淋巴系统，执行脑脊液β蛋白清除 ===
模块0 β蛋白浓度：0.5000
模块1 β蛋白浓度：0.5000
清除完成：权重清除比例0.0500 | 清除死神经元6个
突触稳态调控完成 | 修剪比例：0.0100
REM梦境训练完成 | 平均损失：1.6852

=== 睡眠结束 ===
平均SWS损失：0.1019 | 平均REM损失：1.8787
平均β蛋白清除比例：0.0500
Batch 220/938 | 损失：0.1939 | 准确率：0.9375 | 睡眠压力：0.0379 | β蛋白浓度：0.2776
Batch 230/938 | 损失：0.1811 | 准确率：0.9531 | 睡眠压力：0.0950 | β蛋白浓度：0.5000
Batch 240/938 | 损失：0.1197 | 准确率：0.9531 | 睡眠压力：0.1521 | β蛋白浓度：0.5000
Batch 250/938 | 损失：0.1523 | 准确率：0.9531 | 睡眠压力：0.2087 | β蛋白浓度：0.5000
Batch 260/938 | 损失：0.0778 | 准确率：0.9688 | 睡眠压力：0.2648 | β蛋白浓度：0.5000
Batch 270/938 | 损失：0.3965 | 准确率：0.9062 | 睡眠压力：0.3213 | β蛋白浓度：0.5000
Batch 280/938 | 损失：0.1346 | 准确率：0.9844 | 睡眠压力：0.3773 | β蛋白浓度：0.5000
Batch 290/938 | 损失：0.0557 | 准确率：0.9844 | 睡眠压力：0.4332 | β蛋白浓度：0.5000
Batch 300/938 | 损失：0.0933 | 准确率：0.9531 | 睡眠压力：0.4890 | β蛋白浓度：0.5000
Batch 310/938 | 损失：0.0646 | 准确率：0.9688 | 睡眠压力：0.5447 | β蛋白浓度：0.5000

=== 触发睡眠 | 当前睡眠压力：0.6180 | 全局β蛋白浓度：0.5000 ===
生成2个睡眠周期 | 周期详情：[(66, 33), (33, 66)]

--- 第1个睡眠周期 | SWS=66步 | REM=33步 ---
SWS记忆巩固完成 | 平均损失：0.0280
=== 激活类淋巴系统，执行脑脊液β蛋白清除 ===
模块0 β蛋白浓度：0.5000
模块1 β蛋白浓度：0.5000
清除完成：权重清除比例0.0500 | 清除死神经元10个
突触稳态调控完成 | 修剪比例：0.0100
REM梦境训练完成 | 平均损失：2.1675

--- 第2个睡眠周期 | SWS=33步 | REM=66步 ---
SWS记忆巩固完成 | 平均损失：0.1942
=== 激活类淋巴系统，执行脑脊液β蛋白清除 ===
模块0 β蛋白浓度：0.5000
模块1 β蛋白浓度：0.5000
清除完成：权重清除比例0.0500 | 清除死神经元10个
突触稳态调控完成 | 修剪比例：0.0100
REM梦境训练完成 | 平均损失：1.6899

=== 睡眠结束 ===
平均SWS损失：0.1111 | 平均REM损失：1.9287
平均β蛋白清除比例：0.0500
Batch 320/938 | 损失：0.1689 | 准确率：0.9531 | 睡眠压力：0.0321 | β蛋白浓度：0.2802
Batch 330/938 | 损失：0.1763 | 准确率：0.9531 | 睡眠压力：0.0870 | β蛋白浓度：0.5000
Batch 340/938 | 损失：0.1002 | 准确率：0.9531 | 睡眠压力：0.1426 | β蛋白浓度：0.5000
Batch 350/938 | 损失：0.0739 | 准确率：0.9844 | 睡眠压力：0.1983 | β蛋白浓度：0.5000
Batch 360/938 | 损失：0.2089 | 准确率：0.9375 | 睡眠压力：0.2538 | β蛋白浓度：0.5000
Batch 370/938 | 损失：0.0582 | 准确率：0.9688 | 睡眠压力：0.3094 | β蛋白浓度：0.5000
Batch 380/938 | 损失：0.0640 | 准确率：0.9844 | 睡眠压力：0.3649 | β蛋白浓度：0.5000
Batch 390/938 | 损失：0.0735 | 准确率：0.9844 | 睡眠压力：0.4202 | β蛋白浓度：0.5000
Batch 400/938 | 损失：0.0790 | 准确率：0.9844 | 睡眠压力：0.4752 | β蛋白浓度：0.5000
Batch 410/938 | 损失：0.0662 | 准确率：0.9844 | 睡眠压力：0.5307 | β蛋白浓度：0.5000

=== 触发睡眠 | 当前睡眠压力：0.6076 | 全局β蛋白浓度：0.5000 ===
生成2个睡眠周期 | 周期详情：[(66, 33), (33, 66)]

--- 第1个睡眠周期 | SWS=66步 | REM=33步 ---
SWS记忆巩固完成 | 平均损失：0.0377
=== 激活类淋巴系统，执行脑脊液β蛋白清除 ===
模块0 β蛋白浓度：0.5000
模块1 β蛋白浓度：0.5000
清除完成：权重清除比例0.0500 | 清除死神经元10个
突触稳态调控完成 | 修剪比例：0.0100
REM梦境训练完成 | 平均损失：2.0748

--- 第2个睡眠周期 | SWS=33步 | REM=66步 ---
SWS记忆巩固完成 | 平均损失：0.1528
=== 激活类淋巴系统，执行脑脊液β蛋白清除 ===
模块0 β蛋白浓度：0.5000
模块1 β蛋白浓度：0.5000
清除完成：权重清除比例0.0500 | 清除死神经元10个
突触稳态调控完成 | 修剪比例：0.0100
REM梦境训练完成 | 平均损失：1.6350

=== 睡眠结束 ===
平均SWS损失：0.0953 | 平均REM损失：1.8549
平均β蛋白清除比例：0.0500
Batch 420/938 | 损失：0.1300 | 准确率：0.9688 | 睡眠压力：0.0264 | β蛋白浓度：0.2901
Batch 430/938 | 损失：0.0672 | 准确率：0.9688 | 睡眠压力：0.0808 | β蛋白浓度：0.5000
Batch 440/938 | 损失：0.1605 | 准确率：0.9531 | 睡眠压力：0.1363 | β蛋白浓度：0.5000
Batch 450/938 | 损失：0.1092 | 准确率：0.9844 | 睡眠压力：0.1919 | β蛋白浓度：0.5000
Batch 460/938 | 损失：0.0875 | 准确率：0.9688 | 睡眠压力：0.2472 | β蛋白浓度：0.5000
Batch 470/938 | 损失：0.0550 | 准确率：0.9844 | 睡眠压力：0.3020 | β蛋白浓度：0.5000
Batch 480/938 | 损失：0.0725 | 准确率：0.9688 | 睡眠压力：0.3572 | β蛋白浓度：0.5000
Batch 490/938 | 损失：0.1226 | 准确率：0.9219 | 睡眠压力：0.4125 | β蛋白浓度：0.5000
Batch 500/938 | 损失：0.0428 | 准确率：0.9688 | 睡眠压力：0.4676 | β蛋白浓度：0.5000
Batch 510/938 | 损失：0.0512 | 准确率：0.9844 | 睡眠压力：0.5230 | β蛋白浓度：0.5000

=== 触发睡眠 | 当前睡眠压力：0.6058 | 全局β蛋白浓度：0.5000 ===
生成2个睡眠周期 | 周期详情：[(66, 33), (33, 66)]

--- 第1个睡眠周期 | SWS=66步 | REM=33步 ---
SWS记忆巩固完成 | 平均损失：0.0226
=== 激活类淋巴系统，执行脑脊液β蛋白清除 ===
模块0 β蛋白浓度：0.5000
模块1 β蛋白浓度：0.5000
清除完成：权重清除比例0.0500 | 清除死神经元10个
突触稳态调控完成 | 修剪比例：0.0100
REM梦境训练完成 | 平均损失：2.0864

--- 第2个睡眠周期 | SWS=33步 | REM=66步 ---
SWS记忆巩固完成 | 平均损失：0.1029
=== 激活类淋巴系统，执行脑脊液β蛋白清除 ===
模块0 β蛋白浓度：0.5000
模块1 β蛋白浓度：0.5000
清除完成：权重清除比例0.0500 | 清除死神经元10个
突触稳态调控完成 | 修剪比例：0.0100
REM梦境训练完成 | 平均损失：1.6044

=== 睡眠结束 ===
平均SWS损失：0.0628 | 平均REM损失：1.8454
平均β蛋白清除比例：0.0500
Batch 520/938 | 损失：0.1672 | 准确率：0.9375 | 睡眠压力：0.0211 | β蛋白浓度：0.3000
Batch 530/938 | 损失：0.0596 | 准确率：0.9844 | 睡眠压力：0.0751 | β蛋白浓度：0.5000
Batch 540/938 | 损失：0.2317 | 准确率：0.9219 | 睡眠压力：0.1311 | β蛋白浓度：0.5000
Batch 550/938 | 损失：0.0547 | 准确率：0.9844 | 睡眠压力：0.1865 | β蛋白浓度：0.5000
Batch 560/938 | 损失：0.0857 | 准确率：0.9531 | 睡眠压力：0.2419 | β蛋白浓度：0.5000
Batch 570/938 | 损失：0.0310 | 准确率：0.9844 | 睡眠压力：0.2974 | β蛋白浓度：0.5000
Batch 580/938 | 损失：0.0682 | 准确率：0.9688 | 睡眠压力：0.3527 | β蛋白浓度：0.5000
Batch 590/938 | 损失：0.2177 | 准确率：0.9531 | 睡眠压力：0.4082 | β蛋白浓度：0.5000
Batch 600/938 | 损失：0.0385 | 准确率：1.0000 | 睡眠压力：0.4633 | β蛋白浓度：0.5000
Batch 610/938 | 损失：0.3894 | 准确率：0.8750 | 睡眠压力：0.5187 | β蛋白浓度：0.5000

=== 触发睡眠 | 当前睡眠压力：0.6064 | 全局β蛋白浓度：0.5000 ===
生成2个睡眠周期 | 周期详情：[(66, 33), (33, 66)]

--- 第1个睡眠周期 | SWS=66步 | REM=33步 ---
SWS记忆巩固完成 | 平均损失：0.0310
=== 激活类淋巴系统，执行脑脊液β蛋白清除 ===
模块0 β蛋白浓度：0.5000
模块1 β蛋白浓度：0.5000
清除完成：权重清除比例0.0500 | 清除死神经元10个
突触稳态调控完成 | 修剪比例：0.0100
REM梦境训练完成 | 平均损失：1.8578

--- 第2个睡眠周期 | SWS=33步 | REM=66步 ---
SWS记忆巩固完成 | 平均损失：0.0751
=== 激活类淋巴系统，执行脑脊液β蛋白清除 ===
模块0 β蛋白浓度：0.5000
模块1 β蛋白浓度：0.5000
清除完成：权重清除比例0.0500 | 清除死神经元10个
突触稳态调控完成 | 修剪比例：0.0100
REM梦境训练完成 | 平均损失：1.5554

=== 睡眠结束 ===
平均SWS损失：0.0531 | 平均REM损失：1.7066
平均β蛋白清除比例：0.0500
Batch 620/938 | 损失：0.2025 | 准确率：0.9219 | 睡眠压力：0.0158 | β蛋白浓度：0.3000
Batch 630/938 | 损失：0.0817 | 准确率：0.9844 | 睡眠压力：0.0696 | β蛋白浓度：0.5000
Batch 640/938 | 损失：0.0752 | 准确率：0.9688 | 睡眠压力：0.1250 | β蛋白浓度：0.5000
Batch 650/938 | 损失：0.1147 | 准确率：0.9531 | 睡眠压力：0.1805 | β蛋白浓度：0.5000
Batch 660/938 | 损失：0.1387 | 准确率：0.9531 | 睡眠压力：0.2361 | β蛋白浓度：0.5000
Batch 670/938 | 损失：0.0662 | 准确率：0.9688 | 睡眠压力：0.2915 | β蛋白浓度：0.5000
Batch 680/938 | 损失：0.0703 | 准确率：0.9688 | 睡眠压力：0.3467 | β蛋白浓度：0.5000
Batch 690/938 | 损失：0.1097 | 准确率：0.9531 | 睡眠压力：0.4018 | β蛋白浓度：0.5000
Batch 700/938 | 损失：0.1485 | 准确率：0.9531 | 睡眠压力：0.4568 | β蛋白浓度：0.5000
Batch 710/938 | 损失：0.0856 | 准确率：0.9531 | 睡眠压力：0.5122 | β蛋白浓度：0.5000

=== 触发睡眠 | 当前睡眠压力：0.6054 | 全局β蛋白浓度：0.5000 ===
生成2个睡眠周期 | 周期详情：[(66, 33), (33, 66)]

--- 第1个睡眠周期 | SWS=66步 | REM=33步 ---
SWS记忆巩固完成 | 平均损失：0.0355
=== 激活类淋巴系统，执行脑脊液β蛋白清除 ===
模块0 β蛋白浓度：0.5000
模块1 β蛋白浓度：0.5000
清除完成：权重清除比例0.0500 | 清除死神经元10个
突触稳态调控完成 | 修剪比例：0.0100
REM梦境训练完成 | 平均损失：2.0229

--- 第2个睡眠周期 | SWS=33步 | REM=66步 ---
SWS记忆巩固完成 | 平均损失：0.0977
=== 激活类淋巴系统，执行脑脊液β蛋白清除 ===
模块0 β蛋白浓度：0.5000
模块1 β蛋白浓度：0.5000
清除完成：权重清除比例0.0500 | 清除死神经元10个
突触稳态调控完成 | 修剪比例：0.0100
REM梦境训练完成 | 平均损失：1.5686

=== 睡眠结束 ===
平均SWS损失：0.0666 | 平均REM损失：1.7958
平均β蛋白清除比例：0.0500
Batch 720/938 | 损失：0.1246 | 准确率：0.9688 | 睡眠压力：0.0104 | β蛋白浓度：0.3000
Batch 730/938 | 损失：0.2207 | 准确率：0.9688 | 睡眠压力：0.0635 | β蛋白浓度：0.5000
Batch 740/938 | 损失：0.1374 | 准确率：0.9688 | 睡眠压力：0.1185 | β蛋白浓度：0.5000
Batch 750/938 | 损失：0.1020 | 准确率：0.9688 | 睡眠压力：0.1737 | β蛋白浓度：0.5000
Batch 760/938 | 损失：0.0730 | 准确率：0.9688 | 睡眠压力：0.2288 | β蛋白浓度：0.5000
Batch 770/938 | 损失：0.1615 | 准确率：0.9688 | 睡眠压力：0.2839 | β蛋白浓度：0.5000
Batch 780/938 | 损失：0.0204 | 准确率：1.0000 | 睡眠压力：0.3386 | β蛋白浓度：0.5000
Batch 790/938 | 损失：0.0253 | 准确率：1.0000 | 睡眠压力：0.3936 | β蛋白浓度：0.5000
Batch 800/938 | 损失：0.0553 | 准确率：0.9688 | 睡眠压力：0.4487 | β蛋白浓度：0.5000
Batch 810/938 | 损失：0.0434 | 准确率：0.9688 | 睡眠压力：0.5038 | β蛋白浓度：0.5000

=== 触发睡眠 | 当前睡眠压力：0.6025 | 全局β蛋白浓度：0.5000 ===
生成2个睡眠周期 | 周期详情：[(66, 33), (33, 66)]

--- 第1个睡眠周期 | SWS=66步 | REM=33步 ---
SWS记忆巩固完成 | 平均损失：0.0404
=== 激活类淋巴系统，执行脑脊液β蛋白清除 ===
模块0 β蛋白浓度：0.5000
模块1 β蛋白浓度：0.5000
清除完成：权重清除比例0.0500 | 清除死神经元10个
突触稳态调控完成 | 修剪比例：0.0100
REM梦境训练完成 | 平均损失：2.1640

--- 第2个睡眠周期 | SWS=33步 | REM=66步 ---
SWS记忆巩固完成 | 平均损失：0.1229
=== 激活类淋巴系统，执行脑脊液β蛋白清除 ===
模块0 β蛋白浓度：0.5000
模块1 β蛋白浓度：0.5000
清除完成：权重清除比例0.0500 | 清除死神经元10个
突触稳态调控完成 | 修剪比例：0.0100
REM梦境训练完成 | 平均损失：1.6043

=== 睡眠结束 ===
平均SWS损失：0.0816 | 平均REM损失：1.8841
平均β蛋白清除比例：0.0500
Batch 820/938 | 损失：0.0339 | 准确率：1.0000 | 睡眠压力：0.0051 | β蛋白浓度：0.3000
Batch 830/938 | 损失：0.1839 | 准确率：0.9531 | 睡眠压力：0.0579 | β蛋白浓度：0.5000
Batch 840/938 | 损失：0.1309 | 准确率：0.9844 | 睡眠压力：0.1129 | β蛋白浓度：0.5000
Batch 850/938 | 损失：0.1035 | 准确率：0.9844 | 睡眠压力：0.1677 | β蛋白浓度：0.5000
Batch 860/938 | 损失：0.0261 | 准确率：1.0000 | 睡眠压力：0.2224 | β蛋白浓度：0.5000
Batch 870/938 | 损失：0.0255 | 准确率：1.0000 | 睡眠压力：0.2773 | β蛋白浓度：0.5000
Batch 880/938 | 损失：0.0997 | 准确率：0.9688 | 睡眠压力：0.3320 | β蛋白浓度：0.5000
Batch 890/938 | 损失：0.0691 | 准确率：0.9688 | 睡眠压力：0.3869 | β蛋白浓度：0.5000
Batch 900/938 | 损失：0.0584 | 准确率：0.9844 | 睡眠压力：0.4419 | β蛋白浓度：0.5000
Batch 910/938 | 损失：0.0311 | 准确率：0.9844 | 睡眠压力：0.4964 | β蛋白浓度：0.5000
Batch 920/938 | 损失：0.1998 | 准确率：0.9219 | 睡眠压力：0.6017 | β蛋白浓度：0.5000

=== 触发睡眠 | 当前睡眠压力：0.6017 | 全局β蛋白浓度：0.5000 ===
生成2个睡眠周期 | 周期详情：[(66, 33), (33, 66)]

--- 第1个睡眠周期 | SWS=66步 | REM=33步 ---
SWS记忆巩固完成 | 平均损失：0.0332
=== 激活类淋巴系统，执行脑脊液β蛋白清除 ===
模块0 β蛋白浓度：0.5000
模块1 β蛋白浓度：0.5000
清除完成：权重清除比例0.0500 | 清除死神经元10个
突触稳态调控完成 | 修剪比例：0.0100
REM梦境训练完成 | 平均损失：1.9190

--- 第2个睡眠周期 | SWS=33步 | REM=66步 ---
SWS记忆巩固完成 | 平均损失：0.0569
=== 激活类淋巴系统，执行脑脊液β蛋白清除 ===
模块0 β蛋白浓度：0.5000
模块1 β蛋白浓度：0.5000
清除完成：权重清除比例0.0500 | 清除死神经元10个
突触稳态调控完成 | 修剪比例：0.0100
REM梦境训练完成 | 平均损失：1.5555

=== 睡眠结束 ===
平均SWS损失：0.0451 | 平均REM损失：1.7373
平均β蛋白清除比例：0.0500
Batch 930/938 | 损失：0.0718 | 准确率：0.9688 | 睡眠压力：0.0525 | β蛋白浓度：0.5000

========== Epoch 2/6 ==========
Batch 0/938 | 损失：0.0280 | 准确率：1.0000 | 睡眠压力：0.0962 | β蛋白浓度：0.5000
Batch 10/938 | 损失：0.0527 | 准确率：0.9688 | 睡眠压力：0.1511 | β蛋白浓度：0.5000
Batch 20/938 | 损失：0.1425 | 准确率：0.9531 | 睡眠压力：0.2059 | β蛋白浓度：0.5000
Batch 30/938 | 损失：0.0467 | 准确率：0.9844 | 睡眠压力：0.2606 | β蛋白浓度：0.5000
Batch 40/938 | 损失：0.0843 | 准确率：0.9531 | 睡眠压力：0.3151 | β蛋白浓度：0.5000
Batch 50/938 | 损失：0.1025 | 准确率：0.9531 | 睡眠压力：0.3696 | β蛋白浓度：0.5000
Batch 60/938 | 损失：0.0808 | 准确率：0.9844 | 睡眠压力：0.4242 | β蛋白浓度：0.5000
Batch 70/938 | 损失：0.0160 | 准确率：1.0000 | 睡眠压力：0.4783 | β蛋白浓度：0.5000
Batch 80/938 | 损失：0.0872 | 准确率：0.9844 | 睡眠压力：0.5329 | β蛋白浓度：0.5000

=== 触发睡眠 | 当前睡眠压力：0.6527 | 全局β蛋白浓度：0.5000 ===
生成2个睡眠周期 | 周期详情：[(66, 33), (33, 66)]

--- 第1个睡眠周期 | SWS=66步 | REM=33步 ---
SWS记忆巩固完成 | 平均损失：0.0281
=== 激活类淋巴系统，执行脑脊液β蛋白清除 ===
模块0 β蛋白浓度：0.5000
模块1 β蛋白浓度：0.5000
清除完成：权重清除比例0.0500 | 清除死神经元10个
突触稳态调控完成 | 修剪比例：0.0100
REM梦境训练完成 | 平均损失：1.9103

--- 第2个睡眠周期 | SWS=33步 | REM=66步 ---
SWS记忆巩固完成 | 平均损失：0.0598
=== 激活类淋巴系统，执行脑脊液β蛋白清除 ===
模块0 β蛋白浓度：0.5000
模块1 β蛋白浓度：0.5000
清除完成：权重清除比例0.0500 | 清除死神经元10个
突触稳态调控完成 | 修剪比例：0.0100
REM梦境训练完成 | 平均损失：1.5124

=== 睡眠结束 ===
平均SWS损失：0.0440 | 平均REM损失：1.7113
平均β蛋白清除比例：0.0500
Batch 90/938 | 损失：0.0676 | 准确率：0.9844 | 睡眠压力：0.0311 | β蛋白浓度：0.3000
Batch 100/938 | 损失：0.0418 | 准确率：0.9844 | 睡眠压力：0.0849 | β蛋白浓度：0.5000
Batch 110/938 | 损失：0.0845 | 准确率：0.9844 | 睡眠压力：0.1392 | β蛋白浓度：0.5000
Batch 120/938 | 损失：0.1168 | 准确率：0.9688 | 睡眠压力：0.1938 | β蛋白浓度：0.5000
Batch 130/938 | 损失：0.0711 | 准确率：0.9844 | 睡眠压力：0.2481 | β蛋白浓度：0.5000
Batch 140/938 | 损失：0.0203 | 准确率：1.0000 | 睡眠压力：0.3027 | β蛋白浓度：0.5000
Batch 150/938 | 损失：0.1661 | 准确率：0.9375 | 睡眠压力：0.3571 | β蛋白浓度：0.5000
Batch 160/938 | 损失：0.2036 | 准确率：0.9219 | 睡眠压力：0.4117 | β蛋白浓度：0.5000
Batch 170/938 | 损失：0.0169 | 准确率：1.0000 | 睡眠压力：0.4659 | β蛋白浓度：0.5000
Batch 180/938 | 损失：0.0184 | 准确率：1.0000 | 睡眠压力：0.5199 | β蛋白浓度：0.5000

=== 触发睡眠 | 当前睡眠压力：0.6506 | 全局β蛋白浓度：0.5000 ===
生成2个睡眠周期 | 周期详情：[(66, 33), (33, 66)]

--- 第1个睡眠周期 | SWS=66步 | REM=33步 ---
SWS记忆巩固完成 | 平均损失：0.0246
=== 激活类淋巴系统，执行脑脊液β蛋白清除 ===
模块0 β蛋白浓度：0.5000
模块1 β蛋白浓度：0.5000
清除完成：权重清除比例0.0500 | 清除死神经元10个
突触稳态调控完成 | 修剪比例：0.0100
REM梦境训练完成 | 平均损失：2.0073

--- 第2个睡眠周期 | SWS=33步 | REM=66步 ---
SWS记忆巩固完成 | 平均损失：0.0968
=== 激活类淋巴系统，执行脑脊液β蛋白清除 ===
模块0 β蛋白浓度：0.5000
模块1 β蛋白浓度：0.5000
清除完成：权重清除比例0.0500 | 清除死神经元10个
突触稳态调控完成 | 修剪比例：0.0100
REM梦境训练完成 | 平均损失：1.5274

=== 睡眠结束 ===
平均SWS损失：0.0607 | 平均REM损失：1.7673
平均β蛋白清除比例：0.0500
Batch 190/938 | 损失：0.2021 | 准确率：0.9062 | 睡眠压力：0.0210 | β蛋白浓度：0.3000
Batch 200/938 | 损失：0.0182 | 准确率：1.0000 | 睡眠压力：0.0743 | β蛋白浓度：0.5000
Batch 210/938 | 损失：0.0275 | 准确率：1.0000 | 睡眠压力：0.1286 | β蛋白浓度：0.5000
Batch 220/938 | 损失：0.0667 | 准确率：0.9688 | 睡眠压力：0.1827 | β蛋白浓度：0.5000
Batch 230/938 | 损失：0.1222 | 准确率：0.9531 | 睡眠压力：0.2366 | β蛋白浓度：0.5000
Batch 240/938 | 损失：0.0811 | 准确率：0.9688 | 睡眠压力：0.2908 | β蛋白浓度：0.5000
Batch 250/938 | 损失：0.0691 | 准确率：0.9844 | 睡眠压力：0.3449 | β蛋白浓度：0.5000
Batch 260/938 | 损失：0.1287 | 准确率：0.9531 | 睡眠压力：0.3990 | β蛋白浓度：0.5000
Batch 270/938 | 损失：0.2589 | 准确率：0.9062 | 睡眠压力：0.4531 | β蛋白浓度：0.5000
Batch 280/938 | 损失：0.1367 | 准确率：0.9375 | 睡眠压力：0.5072 | β蛋白浓度：0.5000

=== 触发睡眠 | 当前睡眠压力：0.6476 | 全局β蛋白浓度：0.5000 ===
生成2个睡眠周期 | 周期详情：[(66, 33), (33, 66)]

--- 第1个睡眠周期 | SWS=66步 | REM=33步 ---
SWS记忆巩固完成 | 平均损失：0.0254
=== 激活类淋巴系统，执行脑脊液β蛋白清除 ===
模块0 β蛋白浓度：0.5000
模块1 β蛋白浓度：0.5000
清除完成：权重清除比例0.0500 | 清除死神经元10个
突触稳态调控完成 | 修剪比例：0.0100
REM梦境训练完成 | 平均损失：1.9919

--- 第2个睡眠周期 | SWS=33步 | REM=66步 ---
SWS记忆巩固完成 | 平均损失：0.1146
=== 激活类淋巴系统，执行脑脊液β蛋白清除 ===
模块0 β蛋白浓度：0.5000
模块1 β蛋白浓度：0.5000
清除完成：权重清除比例0.0500 | 清除死神经元10个
突触稳态调控完成 | 修剪比例：0.0100
REM梦境训练完成 | 平均损失：1.5271

=== 睡眠结束 ===
平均SWS损失：0.0700 | 平均REM损失：1.7595
平均β蛋白清除比例：0.0500
Batch 290/938 | 损失：0.2121 | 准确率：0.9062 | 睡眠压力：0.0105 | β蛋白浓度：0.3000
Batch 300/938 | 损失：0.0493 | 准确率：0.9844 | 睡眠压力：0.0628 | β蛋白浓度：0.5000
Batch 310/938 | 损失：0.0309 | 准确率：1.0000 | 睡眠压力：0.1168 | β蛋白浓度：0.5000
Batch 320/938 | 损失：0.0551 | 准确率：0.9844 | 睡眠压力：0.1705 | β蛋白浓度：0.5000
Batch 330/938 | 损失：0.0829 | 准确率：0.9688 | 睡眠压力：0.2246 | β蛋白浓度：0.5000
Batch 340/938 | 损失：0.0693 | 准确率：0.9844 | 睡眠压力：0.2789 | β蛋白浓度：0.5000
Batch 350/938 | 损失：0.0162 | 准确率：1.0000 | 睡眠压力：0.3328 | β蛋白浓度：0.5000
Batch 360/938 | 损失：0.1193 | 准确率：0.9688 | 睡眠压力：0.3870 | β蛋白浓度：0.5000
Batch 370/938 | 损失：0.0604 | 准确率：0.9844 | 睡眠压力：0.4407 | β蛋白浓度：0.5000
Batch 380/938 | 损失：0.0930 | 准确率：0.9531 | 睡眠压力：0.4943 | β蛋白浓度：0.5000
Batch 390/938 | 损失：0.0516 | 准确率：0.9844 | 睡眠压力：0.6450 | β蛋白浓度：0.5000

=== 触发睡眠 | 当前睡眠压力：0.6450 | 全局β蛋白浓度：0.5000 ===
生成2个睡眠周期 | 周期详情：[(66, 33), (33, 66)]

--- 第1个睡眠周期 | SWS=66步 | REM=33步 ---
SWS记忆巩固完成 | 平均损失：0.0232
=== 激活类淋巴系统，执行脑脊液β蛋白清除 ===
模块0 β蛋白浓度：0.5000
模块1 β蛋白浓度：0.5000
清除完成：权重清除比例0.0500 | 清除死神经元10个
突触稳态调控完成 | 修剪比例：0.0100
REM梦境训练完成 | 平均损失：1.9598

--- 第2个睡眠周期 | SWS=33步 | REM=66步 ---
SWS记忆巩固完成 | 平均损失：0.0655
=== 激活类淋巴系统，执行脑脊液β蛋白清除 ===
模块0 β蛋白浓度：0.5000
模块1 β蛋白浓度：0.5000
清除完成：权重清除比例0.0500 | 清除死神经元10个
突触稳态调控完成 | 修剪比例：0.0100
REM梦境训练完成 | 平均损失：1.5236

=== 睡眠结束 ===
平均SWS损失：0.0444 | 平均REM损失：1.7417
平均β蛋白清除比例：0.0500
Batch 400/938 | 损失：0.1213 | 准确率：0.9531 | 睡眠压力：0.0516 | β蛋白浓度：0.5000
Batch 410/938 | 损失：0.0398 | 准确率：0.9844 | 睡眠压力：0.1050 | β蛋白浓度：0.5000
Batch 420/938 | 损失：0.1431 | 准确率：0.9531 | 睡眠压力：0.1585 | β蛋白浓度：0.5000
Batch 430/938 | 损失：0.1082 | 准确率：0.9688 | 睡眠压力：0.2121 | β蛋白浓度：0.5000
Batch 440/938 | 损失：0.0912 | 准确率：0.9844 | 睡眠压力：0.2655 | β蛋白浓度：0.5000
Batch 450/938 | 损失：0.1943 | 准确率：0.9375 | 睡眠压力：0.3191 | β蛋白浓度：0.5000
Batch 460/938 | 损失：0.1154 | 准确率：0.9688 | 睡眠压力：0.3725 | β蛋白浓度：0.5000
Batch 470/938 | 损失：0.1470 | 准确率：0.9531 | 睡眠压力：0.4261 | β蛋白浓度：0.5000
Batch 480/938 | 损失：0.0818 | 准确率：0.9375 | 睡眠压力：0.4794 | β蛋白浓度：0.5000
Batch 490/938 | 损失：0.0309 | 准确率：0.9844 | 睡眠压力：0.5327 | β蛋白浓度：0.5000

=== 触发睡眠 | 当前睡眠压力：0.6406 | 全局β蛋白浓度：0.5000 ===
生成2个睡眠周期 | 周期详情：[(66, 33), (33, 66)]

--- 第1个睡眠周期 | SWS=66步 | REM=33步 ---
SWS记忆巩固完成 | 平均损失：0.0243
=== 激活类淋巴系统，执行脑脊液β蛋白清除 ===
模块0 β蛋白浓度：0.5000
模块1 β蛋白浓度：0.5000
清除完成：权重清除比例0.0500 | 清除死神经元10个
突触稳态调控完成 | 修剪比例：0.0100
REM梦境训练完成 | 平均损失：1.9628

--- 第2个睡眠周期 | SWS=33步 | REM=66步 ---
SWS记忆巩固完成 | 平均损失：0.0855
=== 激活类淋巴系统，执行脑脊液β蛋白清除 ===
模块0 β蛋白浓度：0.5000
模块1 β蛋白浓度：0.5000
清除完成：权重清除比例0.0500 | 清除死神经元10个
突触稳态调控完成 | 修剪比例：0.0100
REM梦境训练完成 | 平均损失：1.4848

=== 睡眠结束 ===
平均SWS损失：0.0549 | 平均REM损失：1.7238
平均β蛋白清除比例：0.0500
Batch 500/938 | 损失：0.1060 | 准确率：0.9688 | 睡眠压力：0.0408 | β蛋白浓度：0.3000
Batch 510/938 | 损失：0.1459 | 准确率：0.9688 | 睡眠压力：0.0940 | β蛋白浓度：0.5000
Batch 520/938 | 损失：0.0567 | 准确率：0.9844 | 睡眠压力：0.1476 | β蛋白浓度：0.5000
Batch 530/938 | 损失：0.0858 | 准确率：0.9688 | 睡眠压力：0.2009 | β蛋白浓度：0.5000
Batch 540/938 | 损失：0.1094 | 准确率：0.9531 | 睡眠压力：0.2544 | β蛋白浓度：0.5000
Batch 550/938 | 损失：0.0711 | 准确率：0.9688 | 睡眠压力：0.3076 | β蛋白浓度：0.5000
Batch 560/938 | 损失：0.0919 | 准确率：0.9688 | 睡眠压力：0.3607 | β蛋白浓度：0.5000
Batch 570/938 | 损失：0.0988 | 准确率：0.9844 | 睡眠压力：0.4138 | β蛋白浓度：0.5000
Batch 580/938 | 损失：0.0817 | 准确率：0.9531 | 睡眠压力：0.4671 | β蛋白浓度：0.5000
Batch 590/938 | 损失：0.0284 | 准确率：0.9844 | 睡眠压力：0.5202 | β蛋白浓度：0.5000

=== 触发睡眠 | 当前睡眠压力：0.6371 | 全局β蛋白浓度：0.5000 ===
生成2个睡眠周期 | 周期详情：[(66, 33), (33, 66)]

--- 第1个睡眠周期 | SWS=66步 | REM=33步 ---
SWS记忆巩固完成 | 平均损失：0.0343
=== 激活类淋巴系统，执行脑脊液β蛋白清除 ===
模块0 β蛋白浓度：0.5000
模块1 β蛋白浓度：0.5000
清除完成：权重清除比例0.0500 | 清除死神经元10个
突触稳态调控完成 | 修剪比例：0.0100
REM梦境训练完成 | 平均损失：1.8360

--- 第2个睡眠周期 | SWS=33步 | REM=66步 ---
SWS记忆巩固完成 | 平均损失：0.0701
=== 激活类淋巴系统，执行脑脊液β蛋白清除 ===
模块0 β蛋白浓度：0.5000
模块1 β蛋白浓度：0.5000
清除完成：权重清除比例0.0500 | 清除死神经元10个
突触稳态调控完成 | 修剪比例：0.0100
REM梦境训练完成 | 平均损失：1.4582

=== 睡眠结束 ===
平均SWS损失：0.0522 | 平均REM损失：1.6471
平均β蛋白清除比例：0.0500
Batch 600/938 | 损失：0.1033 | 准确率：0.9688 | 睡眠压力：0.0303 | β蛋白浓度：0.3000
Batch 610/938 | 损失：0.0698 | 准确率：0.9844 | 睡眠压力：0.0827 | β蛋白浓度：0.5000
Batch 620/938 | 损失：0.0474 | 准确率：0.9844 | 睡眠压力：0.1356 | β蛋白浓度：0.5000
Batch 630/938 | 损失：0.0221 | 准确率：1.0000 | 睡眠压力：0.1883 | β蛋白浓度：0.5000
Batch 640/938 | 损失：0.1438 | 准确率：0.9375 | 睡眠压力：0.2411 | β蛋白浓度：0.5000
Batch 650/938 | 损失：0.0941 | 准确率：0.9688 | 睡眠压力：0.2939 | β蛋白浓度：0.5000
Batch 660/938 | 损失：0.2216 | 准确率：0.9219 | 睡眠压力：0.3466 | β蛋白浓度：0.5000
Batch 670/938 | 损失：0.0690 | 准确率：0.9688 | 睡眠压力：0.3995 | β蛋白浓度：0.5000
Batch 680/938 | 损失：0.0454 | 准确率：0.9844 | 睡眠压力：0.4523 | β蛋白浓度：0.5000
Batch 690/938 | 损失：0.1156 | 准确率：0.9688 | 睡眠压力：0.5052 | β蛋白浓度：0.5000

=== 触发睡眠 | 当前睡眠压力：0.6317 | 全局β蛋白浓度：0.5000 ===
生成2个睡眠周期 | 周期详情：[(66, 33), (33, 66)]

--- 第1个睡眠周期 | SWS=66步 | REM=33步 ---
SWS记忆巩固完成 | 平均损失：0.0325
=== 激活类淋巴系统，执行脑脊液β蛋白清除 ===
模块0 β蛋白浓度：0.5000
模块1 β蛋白浓度：0.5000
清除完成：权重清除比例0.0500 | 清除死神经元10个
突触稳态调控完成 | 修剪比例：0.0100
REM梦境训练完成 | 平均损失：1.8329

--- 第2个睡眠周期 | SWS=33步 | REM=66步 ---
SWS记忆巩固完成 | 平均损失：0.0971
=== 激活类淋巴系统，执行脑脊液β蛋白清除 ===
模块0 β蛋白浓度：0.5000
模块1 β蛋白浓度：0.5000
清除完成：权重清除比例0.0500 | 清除死神经元10个
突触稳态调控完成 | 修剪比例：0.0100
REM梦境训练完成 | 平均损失：1.4510

=== 睡眠结束 ===
平均SWS损失：0.0648 | 平均REM损失：1.6419
平均β蛋白清除比例：0.0500
Batch 700/938 | 损失：0.0936 | 准确率：0.9688 | 睡眠压力：0.0202 | β蛋白浓度：0.3000
Batch 710/938 | 损失：0.0937 | 准确率：0.9688 | 睡眠压力：0.0717 | β蛋白浓度：0.5000
Batch 720/938 | 损失：0.2253 | 准确率：0.9219 | 睡眠压力：0.1249 | β蛋白浓度：0.5000
Batch 730/938 | 损失：0.0544 | 准确率：0.9844 | 睡眠压力：0.1780 | β蛋白浓度：0.5000
Batch 740/938 | 损失：0.0190 | 准确率：1.0000 | 睡眠压力：0.2308 | β蛋白浓度：0.5000
Batch 750/938 | 损失：0.1228 | 准确率：0.9688 | 睡眠压力：0.2836 | β蛋白浓度：0.5000
Batch 760/938 | 损失：0.0842 | 准确率：0.9688 | 睡眠压力：0.3365 | β蛋白浓度：0.5000
Batch 770/938 | 损失：0.1135 | 准确率：0.9844 | 睡眠压力：0.3893 | β蛋白浓度：0.5000
Batch 780/938 | 损失：0.0279 | 准确率：0.9844 | 睡眠压力：0.4422 | β蛋白浓度：0.5000
Batch 790/938 | 损失：0.0865 | 准确率：0.9688 | 睡眠压力：0.4951 | β蛋白浓度：0.5000

=== 触发睡眠 | 当前睡眠压力：0.6341 | 全局β蛋白浓度：0.5000 ===
生成2个睡眠周期 | 周期详情：[(66, 33), (33, 66)]

--- 第1个睡眠周期 | SWS=66步 | REM=33步 ---
SWS记忆巩固完成 | 平均损失：0.0337
=== 激活类淋巴系统，执行脑脊液β蛋白清除 ===
模块0 β蛋白浓度：0.5000
模块1 β蛋白浓度：0.5000
清除完成：权重清除比例0.0500 | 清除死神经元10个
突触稳态调控完成 | 修剪比例：0.0100
REM梦境训练完成 | 平均损失：1.8628

--- 第2个睡眠周期 | SWS=33步 | REM=66步 ---
SWS记忆巩固完成 | 平均损失：0.0757
=== 激活类淋巴系统，执行脑脊液β蛋白清除 ===
模块0 β蛋白浓度：0.5000
模块1 β蛋白浓度：0.5000
清除完成：权重清除比例0.0500 | 清除死神经元10个
突触稳态调控完成 | 修剪比例：0.0100
REM梦境训练完成 | 平均损失：1.4697

=== 睡眠结束 ===
平均SWS损失：0.0547 | 平均REM损失：1.6662
平均β蛋白清除比例：0.0500
Batch 800/938 | 损失：0.1263 | 准确率：0.9531 | 睡眠压力：0.0102 | β蛋白浓度：0.3000
Batch 810/938 | 损失：0.0533 | 准确率：0.9844 | 睡眠压力：0.0612 | β蛋白浓度：0.5000
Batch 820/938 | 损失：0.0815 | 准确率：0.9531 | 睡眠压力：0.1144 | β蛋白浓度：0.5000
Batch 830/938 | 损失：0.0531 | 准确率：0.9844 | 睡眠压力：0.1671 | β蛋白浓度：0.5000
Batch 840/938 | 损失：0.0543 | 准确率：0.9688 | 睡眠压力：0.2200 | β蛋白浓度：0.5000
Batch 850/938 | 损失：0.2219 | 准确率：0.9531 | 睡眠压力：0.2726 | β蛋白浓度：0.5000
Batch 860/938 | 损失：0.3294 | 准确率：0.9219 | 睡眠压力：0.3257 | β蛋白浓度：0.5000
Batch 870/938 | 损失：0.1233 | 准确率：0.9531 | 睡眠压力：0.3788 | β蛋白浓度：0.5000
Batch 880/938 | 损失：0.0397 | 准确率：0.9844 | 睡眠压力：0.4316 | β蛋白浓度：0.5000
Batch 890/938 | 损失：0.0227 | 准确率：1.0000 | 睡眠压力：0.4845 | β蛋白浓度：0.5000
Batch 900/938 | 损失：0.2722 | 准确率：0.9219 | 睡眠压力：0.6336 | β蛋白浓度：0.5000

=== 触发睡眠 | 当前睡眠压力：0.6336 | 全局β蛋白浓度：0.5000 ===
生成2个睡眠周期 | 周期详情：[(66, 33), (33, 66)]

--- 第1个睡眠周期 | SWS=66步 | REM=33步 ---
SWS记忆巩固完成 | 平均损失：0.0231
=== 激活类淋巴系统，执行脑脊液β蛋白清除 ===
模块0 β蛋白浓度：0.5000
模块1 β蛋白浓度：0.5000
清除完成：权重清除比例0.0500 | 清除死神经元10个
突触稳态调控完成 | 修剪比例：0.0100
REM梦境训练完成 | 平均损失：1.9127

--- 第2个睡眠周期 | SWS=33步 | REM=66步 ---
SWS记忆巩固完成 | 平均损失：0.1082
=== 激活类淋巴系统，执行脑脊液β蛋白清除 ===
模块0 β蛋白浓度：0.5000
模块1 β蛋白浓度：0.5000
清除完成：权重清除比例0.0500 | 清除死神经元10个
突触稳态调控完成 | 修剪比例：0.0100
REM梦境训练完成 | 平均损失：1.4364

=== 睡眠结束 ===
平均SWS损失：0.0657 | 平均REM损失：1.6746
平均β蛋白清除比例：0.0500
Batch 910/938 | 损失：0.0973 | 准确率：0.9375 | 睡眠压力：0.0503 | β蛋白浓度：0.5000
Batch 920/938 | 损失：0.1771 | 准确率：0.9219 | 睡眠压力：0.1035 | β蛋白浓度：0.5000
Batch 930/938 | 损失：0.1022 | 准确率：0.9688 | 睡眠压力：0.1562 | β蛋白浓度：0.5000

========== Epoch 3/6 ==========
Batch 0/938 | 损失：0.0972 | 准确率：0.9688 | 睡眠压力：0.1986 | β蛋白浓度：0.5000
Batch 10/938 | 损失：0.0566 | 准确率：0.9844 | 睡眠压力：0.2514 | β蛋白浓度：0.5000
Batch 20/938 | 损失：0.0378 | 准确率：0.9844 | 睡眠压力：0.3042 | β蛋白浓度：0.5000
Batch 30/938 | 损失：0.0348 | 准确率：1.0000 | 睡眠压力：0.3568 | β蛋白浓度：0.5000
Batch 40/938 | 损失：0.3700 | 准确率：0.9688 | 睡眠压力：0.4095 | β蛋白浓度：0.5000
Batch 50/938 | 损失：0.0057 | 准确率：1.0000 | 睡眠压力：0.4620 | β蛋白浓度：0.5000
Batch 60/938 | 损失：0.0218 | 准确率：0.9844 | 睡眠压力：0.5148 | β蛋白浓度：0.5000

=== 触发睡眠 | 当前睡眠压力：0.6307 | 全局β蛋白浓度：0.5000 ===
生成2个睡眠周期 | 周期详情：[(66, 33), (33, 66)]

--- 第1个睡眠周期 | SWS=66步 | REM=33步 ---
SWS记忆巩固完成 | 平均损失：0.0205
=== 激活类淋巴系统，执行脑脊液β蛋白清除 ===
模块0 β蛋白浓度：0.5000
模块1 β蛋白浓度：0.5000
清除完成：权重清除比例0.0500 | 清除死神经元10个
突触稳态调控完成 | 修剪比例：0.0100
REM梦境训练完成 | 平均损失：1.8054

--- 第2个睡眠周期 | SWS=33步 | REM=66步 ---
SWS记忆巩固完成 | 平均损失：0.1073
=== 激活类淋巴系统，执行脑脊液β蛋白清除 ===
模块0 β蛋白浓度：0.5000
模块1 β蛋白浓度：0.5000
清除完成：权重清除比例0.0500 | 清除死神经元10个
突触稳态调控完成 | 修剪比例：0.0100
REM梦境训练完成 | 平均损失：1.4305

=== 睡眠结束 ===
平均SWS损失：0.0639 | 平均REM损失：1.6179
平均β蛋白清除比例：0.0500
Batch 70/938 | 损失：0.1510 | 准确率：0.9531 | 睡眠压力：0.0304 | β蛋白浓度：0.3000
Batch 80/938 | 损失：0.2257 | 准确率：0.9688 | 睡眠压力：0.0825 | β蛋白浓度：0.5000
Batch 90/938 | 损失：0.0346 | 准确率：0.9844 | 睡眠压力：0.1352 | β蛋白浓度：0.5000
Batch 100/938 | 损失：0.0982 | 准确率：0.9531 | 睡眠压力：0.1879 | β蛋白浓度：0.5000
Batch 110/938 | 损失：0.1164 | 准确率：0.9688 | 睡眠压力：0.2405 | β蛋白浓度：0.5000
Batch 120/938 | 损失：0.0202 | 准确率：1.0000 | 睡眠压力：0.2933 | β蛋白浓度：0.5000
Batch 130/938 | 损失：0.1150 | 准确率：0.9375 | 睡眠压力：0.3462 | β蛋白浓度：0.5000
Batch 140/938 | 损失：0.1274 | 准确率：0.9688 | 睡眠压力：0.3987 | β蛋白浓度：0.5000
Batch 150/938 | 损失：0.0929 | 准确率：0.9688 | 睡眠压力：0.4512 | β蛋白浓度：0.5000
Batch 160/938 | 损失：0.0620 | 准确率：0.9688 | 睡眠压力：0.5038 | β蛋白浓度：0.5000

=== 触发睡眠 | 当前睡眠压力：0.6298 | 全局β蛋白浓度：0.5000 ===
生成2个睡眠周期 | 周期详情：[(66, 33), (33, 66)]

--- 第1个睡眠周期 | SWS=66步 | REM=33步 ---
SWS记忆巩固完成 | 平均损失：0.0305
=== 激活类淋巴系统，执行脑脊液β蛋白清除 ===
模块0 β蛋白浓度：0.5000
模块1 β蛋白浓度：0.5000
清除完成：权重清除比例0.0500 | 清除死神经元10个
突触稳态调控完成 | 修剪比例：0.0100
REM梦境训练完成 | 平均损失：1.8443

--- 第2个睡眠周期 | SWS=33步 | REM=66步 ---
SWS记忆巩固完成 | 平均损失：0.0991
=== 激活类淋巴系统，执行脑脊液β蛋白清除 ===
模块0 β蛋白浓度：0.5000
模块1 β蛋白浓度：0.5000
清除完成：权重清除比例0.0500 | 清除死神经元10个
突触稳态调控完成 | 修剪比例：0.0100
REM梦境训练完成 | 平均损失：1.4323

=== 睡眠结束 ===
平均SWS损失：0.0648 | 平均REM损失：1.6383
平均β蛋白清除比例：0.0500
Batch 170/938 | 损失：0.1155 | 准确率：0.9688 | 睡眠压力：0.0200 | β蛋白浓度：0.3000
Batch 180/938 | 损失：0.0701 | 准确率：0.9844 | 睡眠压力：0.0709 | β蛋白浓度：0.5000
Batch 190/938 | 损失：0.0661 | 准确率：0.9844 | 睡眠压力：0.1233 | β蛋白浓度：0.5000
Batch 200/938 | 损失：0.1094 | 准确率：0.9844 | 睡眠压力：0.1759 | β蛋白浓度：0.5000
Batch 210/938 | 损失：0.0220 | 准确率：1.0000 | 睡眠压力：0.2283 | β蛋白浓度：0.5000
Batch 220/938 | 损失：0.0862 | 准确率：0.9688 | 睡眠压力：0.2808 | β蛋白浓度：0.5000
Batch 230/938 | 损失：0.1193 | 准确率：0.9531 | 睡眠压力：0.3332 | β蛋白浓度：0.5000
Batch 240/938 | 损失：0.0389 | 准确率：0.9688 | 睡眠压力：0.3860 | β蛋白浓度：0.5000
Batch 250/938 | 损失：0.0913 | 准确率：0.9688 | 睡眠压力：0.4384 | β蛋白浓度：0.5000
Batch 260/938 | 损失：0.0552 | 准确率：0.9844 | 睡眠压力：0.4908 | β蛋白浓度：0.5000

=== 触发睡眠 | 当前睡眠压力：0.6276 | 全局β蛋白浓度：0.5000 ===
生成2个睡眠周期 | 周期详情：[(66, 33), (33, 66)]

--- 第1个睡眠周期 | SWS=66步 | REM=33步 ---
SWS记忆巩固完成 | 平均损失：0.0219
=== 激活类淋巴系统，执行脑脊液β蛋白清除 ===
模块0 β蛋白浓度：0.5000
模块1 β蛋白浓度：0.5000
清除完成：权重清除比例0.0500 | 清除死神经元10个
突触稳态调控完成 | 修剪比例：0.0100
REM梦境训练完成 | 平均损失：1.9174

--- 第2个睡眠周期 | SWS=33步 | REM=66步 ---
SWS记忆巩固完成 | 平均损失：0.1041
=== 激活类淋巴系统，执行脑脊液β蛋白清除 ===
模块0 β蛋白浓度：0.5000
模块1 β蛋白浓度：0.5000
清除完成：权重清除比例0.0500 | 清除死神经元10个
突触稳态调控完成 | 修剪比例：0.0100
REM梦境训练完成 | 平均损失：1.4537

=== 睡眠结束 ===
平均SWS损失：0.0630 | 平均REM损失：1.6855
平均β蛋白清除比例：0.0500
Batch 270/938 | 损失：0.1702 | 准确率：0.9375 | 睡眠压力：0.0100 | β蛋白浓度：0.3000
Batch 280/938 | 损失：0.0880 | 准确率：0.9844 | 睡眠压力：0.0608 | β蛋白浓度：0.5000
Batch 290/938 | 损失：0.1625 | 准确率：0.9688 | 睡眠压力：0.1132 | β蛋白浓度：0.5000
Batch 300/938 | 损失：0.2189 | 准确率：0.9531 | 睡眠压力：0.1661 | β蛋白浓度：0.5000
Batch 310/938 | 损失：0.0760 | 准确率：0.9688 | 睡眠压力：0.2186 | β蛋白浓度：0.5000
Batch 320/938 | 损失：0.0601 | 准确率：0.9844 | 睡眠压力：0.2710 | β蛋白浓度：0.5000
Batch 330/938 | 损失：0.0285 | 准确率：1.0000 | 睡眠压力：0.3232 | β蛋白浓度：0.5000
Batch 340/938 | 损失：0.0442 | 准确率：0.9844 | 睡眠压力：0.3755 | β蛋白浓度：0.5000
Batch 350/938 | 损失：0.0351 | 准确率：0.9844 | 睡眠压力：0.4279 | β蛋白浓度：0.5000
Batch 360/938 | 损失：0.1283 | 准确率：0.9844 | 睡眠压力：0.4804 | β蛋白浓度：0.5000
Batch 370/938 | 损失：0.0021 | 准确率：1.0000 | 睡眠压力：0.6266 | β蛋白浓度：0.5000

=== 触发睡眠 | 当前睡眠压力：0.6266 | 全局β蛋白浓度：0.5000 ===
生成2个睡眠周期 | 周期详情：[(66, 33), (33, 66)]

--- 第1个睡眠周期 | SWS=66步 | REM=33步 ---
SWS记忆巩固完成 | 平均损失：0.0225
=== 激活类淋巴系统，执行脑脊液β蛋白清除 ===
模块0 β蛋白浓度：0.5000
模块1 β蛋白浓度：0.5000
清除完成：权重清除比例0.0500 | 清除死神经元10个
突触稳态调控完成 | 修剪比例：0.0100
REM梦境训练完成 | 平均损失：1.9936

--- 第2个睡眠周期 | SWS=33步 | REM=66步 ---
SWS记忆巩固完成 | 平均损失：0.0895
=== 激活类淋巴系统，执行脑脊液β蛋白清除 ===
模块0 β蛋白浓度：0.5000
模块1 β蛋白浓度：0.5000
清除完成：权重清除比例0.0500 | 清除死神经元10个
突触稳态调控完成 | 修剪比例：0.0100
REM梦境训练完成 | 平均损失：1.4134

=== 睡眠结束 ===
平均SWS损失：0.0560 | 平均REM损失：1.7035
平均β蛋白清除比例：0.0500
Batch 380/938 | 损失：0.0416 | 准确率：0.9844 | 睡眠压力：0.0504 | β蛋白浓度：0.5000
Batch 390/938 | 损失：0.0506 | 准确率：0.9844 | 睡眠压力：0.1029 | β蛋白浓度：0.5000
Batch 400/938 | 损失：0.0289 | 准确率：0.9844 | 睡眠压力：0.1555 | β蛋白浓度：0.5000
Batch 410/938 | 损失：0.1263 | 准确率：0.9531 | 睡眠压力：0.2081 | β蛋白浓度：0.5000
Batch 420/938 | 损失：0.0331 | 准确率：0.9844 | 睡眠压力：0.2604 | β蛋白浓度：0.5000
Batch 430/938 | 损失：0.0929 | 准确率：0.9688 | 睡眠压力：0.3133 | β蛋白浓度：0.5000
Batch 440/938 | 损失：0.1363 | 准确率：0.9688 | 睡眠压力：0.3659 | β蛋白浓度：0.5000
Batch 450/938 | 损失：0.0999 | 准确率：0.9531 | 睡眠压力：0.4187 | β蛋白浓度：0.5000
Batch 460/938 | 损失：0.1019 | 准确率：0.9375 | 睡眠压力：0.4712 | β蛋白浓度：0.5000
Batch 470/938 | 损失：0.0477 | 准确率：0.9844 | 睡眠压力：0.5237 | β蛋白浓度：0.5000

=== 触发睡眠 | 当前睡眠压力：0.6290 | 全局β蛋白浓度：0.5000 ===
生成2个睡眠周期 | 周期详情：[(66, 33), (33, 66)]

--- 第1个睡眠周期 | SWS=66步 | REM=33步 ---
SWS记忆巩固完成 | 平均损失：0.0106
=== 激活类淋巴系统，执行脑脊液β蛋白清除 ===
模块0 β蛋白浓度：0.5000
模块1 β蛋白浓度：0.5000
清除完成：权重清除比例0.0500 | 清除死神经元10个
突触稳态调控完成 | 修剪比例：0.0100
REM梦境训练完成 | 平均损失：1.9229

--- 第2个睡眠周期 | SWS=33步 | REM=66步 ---
SWS记忆巩固完成 | 平均损失：0.0784
=== 激活类淋巴系统，执行脑脊液β蛋白清除 ===
模块0 β蛋白浓度：0.5000
模块1 β蛋白浓度：0.5000
清除完成：权重清除比例0.0500 | 清除死神经元10个
突触稳态调控完成 | 修剪比例：0.0100
REM梦境训练完成 | 平均损失：1.3817

=== 睡眠结束 ===
平均SWS损失：0.0445 | 平均REM损失：1.6523
平均β蛋白清除比例：0.0500
Batch 480/938 | 损失：0.0373 | 准确率：1.0000 | 睡眠压力：0.0396 | β蛋白浓度：0.3000
Batch 490/938 | 损失：0.0462 | 准确率：0.9688 | 睡眠压力：0.0916 | β蛋白浓度：0.5000
Batch 500/938 | 损失：0.0459 | 准确率：0.9844 | 睡眠压力：0.1438 | β蛋白浓度：0.5000
Batch 510/938 | 损失：0.1518 | 准确率：0.9375 | 睡眠压力：0.1964 | β蛋白浓度：0.5000
Batch 520/938 | 损失：0.0532 | 准确率：0.9844 | 睡眠压力：0.2485 | β蛋白浓度：0.5000
Batch 530/938 | 损失：0.0561 | 准确率：0.9688 | 睡眠压力：0.3009 | β蛋白浓度：0.5000
Batch 540/938 | 损失：0.0320 | 准确率：1.0000 | 睡眠压力：0.3532 | β蛋白浓度：0.5000
Batch 550/938 | 损失：0.1779 | 准确率：0.9531 | 睡眠压力：0.4058 | β蛋白浓度：0.5000
Batch 560/938 | 损失：0.0366 | 准确率：0.9844 | 睡眠压力：0.4582 | β蛋白浓度：0.5000
Batch 570/938 | 损失：0.0933 | 准确率：0.9688 | 睡眠压力：0.5108 | β蛋白浓度：0.5000

=== 触发睡眠 | 当前睡眠压力：0.6260 | 全局β蛋白浓度：0.5000 ===
生成2个睡眠周期 | 周期详情：[(66, 33), (33, 66)]

--- 第1个睡眠周期 | SWS=66步 | REM=33步 ---
SWS记忆巩固完成 | 平均损失：0.0186
=== 激活类淋巴系统，执行脑脊液β蛋白清除 ===
模块0 β蛋白浓度：0.5000
模块1 β蛋白浓度：0.5000
清除完成：权重清除比例0.0500 | 清除死神经元10个
突触稳态调控完成 | 修剪比例：0.0100
REM梦境训练完成 | 平均损失：2.0219

--- 第2个睡眠周期 | SWS=33步 | REM=66步 ---
SWS记忆巩固完成 | 平均损失：0.0835
=== 激活类淋巴系统，执行脑脊液β蛋白清除 ===
模块0 β蛋白浓度：0.5000
模块1 β蛋白浓度：0.5000
清除完成：权重清除比例0.0500 | 清除死神经元10个
突触稳态调控完成 | 修剪比例：0.0100
REM梦境训练完成 | 平均损失：1.4075

=== 睡眠结束 ===
平均SWS损失：0.0510 | 平均REM损失：1.7147
平均β蛋白清除比例：0.0500
Batch 580/938 | 损失：0.0740 | 准确率：0.9688 | 睡眠压力：0.0299 | β蛋白浓度：0.3000
Batch 590/938 | 损失：0.0450 | 准确率：1.0000 | 睡眠压力：0.0815 | β蛋白浓度：0.5000
Batch 600/938 | 损失：0.0297 | 准确率：0.9844 | 睡眠压力：0.1337 | β蛋白浓度：0.5000
Batch 610/938 | 损失：0.0102 | 准确率：1.0000 | 睡眠压力：0.1861 | β蛋白浓度：0.5000
Batch 620/938 | 损失：0.0813 | 准确率：0.9844 | 睡眠压力：0.2387 | β蛋白浓度：0.5000
Batch 630/938 | 损失：0.1815 | 准确率：0.9375 | 睡眠压力：0.2912 | β蛋白浓度：0.5000
Batch 640/938 | 损失：0.0043 | 准确率：1.0000 | 睡眠压力：0.3436 | β蛋白浓度：0.5000
Batch 650/938 | 损失：0.0161 | 准确率：1.0000 | 睡眠压力：0.3958 | β蛋白浓度：0.5000
Batch 660/938 | 损失：0.0582 | 准确率：0.9688 | 睡眠压力：0.4479 | β蛋白浓度：0.5000
Batch 670/938 | 损失：0.0138 | 准确率：1.0000 | 睡眠压力：0.5002 | β蛋白浓度：0.5000

=== 触发睡眠 | 当前睡眠压力：0.6252 | 全局β蛋白浓度：0.5000 ===
生成2个睡眠周期 | 周期详情：[(66, 33), (33, 66)]

--- 第1个睡眠周期 | SWS=66步 | REM=33步 ---
SWS记忆巩固完成 | 平均损失：0.0220
=== 激活类淋巴系统，执行脑脊液β蛋白清除 ===
模块0 β蛋白浓度：0.5000
模块1 β蛋白浓度：0.5000
清除完成：权重清除比例0.0500 | 清除死神经元10个
突触稳态调控完成 | 修剪比例：0.0100
REM梦境训练完成 | 平均损失：1.9641

--- 第2个睡眠周期 | SWS=33步 | REM=66步 ---
SWS记忆巩固完成 | 平均损失：0.0726
=== 激活类淋巴系统，执行脑脊液β蛋白清除 ===
模块0 β蛋白浓度：0.5000
模块1 β蛋白浓度：0.5000
清除完成：权重清除比例0.0500 | 清除死神经元10个
突触稳态调控完成 | 修剪比例：0.0100
REM梦境训练完成 | 平均损失：1.3928

=== 睡眠结束 ===
平均SWS损失：0.0473 | 平均REM损失：1.6784
平均β蛋白清除比例：0.0500
Batch 680/938 | 损失：0.1034 | 准确率：0.9844 | 睡眠压力：0.0196 | β蛋白浓度：0.3000
Batch 690/938 | 损失：0.0887 | 准确率：0.9688 | 睡眠压力：0.0705 | β蛋白浓度：0.5000
Batch 700/938 | 损失：0.0359 | 准确率：0.9844 | 睡眠压力：0.1224 | β蛋白浓度：0.5000
Batch 710/938 | 损失：0.0658 | 准确率：0.9688 | 睡眠压力：0.1746 | β蛋白浓度：0.5000
Batch 720/938 | 损失：0.0297 | 准确率：0.9844 | 睡眠压力：0.2270 | β蛋白浓度：0.5000
Batch 730/938 | 损失：0.0590 | 准确率：0.9688 | 睡眠压力：0.2790 | β蛋白浓度：0.5000
Batch 740/938 | 损失：0.1967 | 准确率：0.9688 | 睡眠压力：0.3311 | β蛋白浓度：0.5000
Batch 750/938 | 损失：0.0667 | 准确率：0.9688 | 睡眠压力：0.3833 | β蛋白浓度：0.5000
Batch 760/938 | 损失：0.0856 | 准确率：0.9531 | 睡眠压力：0.4353 | β蛋白浓度：0.5000
Batch 770/938 | 损失：0.0529 | 准确率：0.9688 | 睡眠压力：0.4876 | β蛋白浓度：0.5000

=== 触发睡眠 | 当前睡眠压力：0.6230 | 全局β蛋白浓度：0.5000 ===
生成2个睡眠周期 | 周期详情：[(66, 33), (33, 66)]

--- 第1个睡眠周期 | SWS=66步 | REM=33步 ---
SWS记忆巩固完成 | 平均损失：0.0213
=== 激活类淋巴系统，执行脑脊液β蛋白清除 ===
模块0 β蛋白浓度：0.5000
模块1 β蛋白浓度：0.5000
清除完成：权重清除比例0.0500 | 清除死神经元10个
突触稳态调控完成 | 修剪比例：0.0100
REM梦境训练完成 | 平均损失：1.8155

--- 第2个睡眠周期 | SWS=33步 | REM=66步 ---
SWS记忆巩固完成 | 平均损失：0.0578
=== 激活类淋巴系统，执行脑脊液β蛋白清除 ===
模块0 β蛋白浓度：0.5000
模块1 β蛋白浓度：0.5000
清除完成：权重清除比例0.0500 | 清除死神经元10个
突触稳态调控完成 | 修剪比例：0.0100
REM梦境训练完成 | 平均损失：1.3725

=== 睡眠结束 ===
平均SWS损失：0.0395 | 平均REM损失：1.5940
平均β蛋白清除比例：0.0500
Batch 780/938 | 损失：0.3155 | 准确率：0.8906 | 睡眠压力：0.0100 | β蛋白浓度：0.3000
Batch 790/938 | 损失：0.0665 | 准确率：0.9844 | 睡眠压力：0.0605 | β蛋白浓度：0.5000
Batch 800/938 | 损失：0.0650 | 准确率：0.9688 | 睡眠压力：0.1124 | β蛋白浓度：0.5000
Batch 810/938 | 损失：0.0354 | 准确率：0.9844 | 睡眠压力：0.1642 | β蛋白浓度：0.5000
Batch 820/938 | 损失：0.0972 | 准确率：0.9688 | 睡眠压力：0.2162 | β蛋白浓度：0.5000
Batch 830/938 | 损失：0.1221 | 准确率：0.9531 | 睡眠压力：0.2682 | β蛋白浓度：0.5000
Batch 840/938 | 损失：0.1898 | 准确率：0.9219 | 睡眠压力：0.3202 | β蛋白浓度：0.5000
Batch 850/938 | 损失：0.0359 | 准确率：0.9844 | 睡眠压力：0.3721 | β蛋白浓度：0.5000
Batch 860/938 | 损失：0.0265 | 准确率：1.0000 | 睡眠压力：0.4239 | β蛋白浓度：0.5000
Batch 870/938 | 损失：0.0129 | 准确率：1.0000 | 睡眠压力：0.4759 | β蛋白浓度：0.5000
Batch 880/938 | 损失：0.0040 | 准确率：1.0000 | 睡眠压力：0.6212 | β蛋白浓度：0.5000

=== 触发睡眠 | 当前睡眠压力：0.6212 | 全局β蛋白浓度：0.5000 ===
生成2个睡眠周期 | 周期详情：[(66, 33), (33, 66)]

--- 第1个睡眠周期 | SWS=66步 | REM=33步 ---
SWS记忆巩固完成 | 平均损失：0.0261
=== 激活类淋巴系统，执行脑脊液β蛋白清除 ===
模块0 β蛋白浓度：0.5000
模块1 β蛋白浓度：0.5000
清除完成：权重清除比例0.0500 | 清除死神经元10个
突触稳态调控完成 | 修剪比例：0.0100
REM梦境训练完成 | 平均损失：1.7920

--- 第2个睡眠周期 | SWS=33步 | REM=66步 ---
SWS记忆巩固完成 | 平均损失：0.0498
=== 激活类淋巴系统，执行脑脊液β蛋白清除 ===
模块0 β蛋白浓度：0.5000
模块1 β蛋白浓度：0.5000
清除完成：权重清除比例0.0500 | 清除死神经元10个
突触稳态调控完成 | 修剪比例：0.0100
REM梦境训练完成 | 平均损失：1.3904

=== 睡眠结束 ===
平均SWS损失：0.0379 | 平均REM损失：1.5912
平均β蛋白清除比例：0.0500
Batch 890/938 | 损失：0.0306 | 准确率：1.0000 | 睡眠压力：0.0499 | β蛋白浓度：0.5000
Batch 900/938 | 损失：0.0439 | 准确率：1.0000 | 睡眠压力：0.1019 | β蛋白浓度：0.5000
Batch 910/938 | 损失：0.0655 | 准确率：0.9688 | 睡眠压力：0.1537 | β蛋白浓度：0.5000
Batch 920/938 | 损失：0.0542 | 准确率：0.9844 | 睡眠压力：0.2056 | β蛋白浓度：0.5000
Batch 930/938 | 损失：0.2706 | 准确率：0.9219 | 睡眠压力：0.2574 | β蛋白浓度：0.5000

========== Epoch 4/6 ==========
Batch 0/938 | 损失：0.1170 | 准确率：0.9688 | 睡眠压力：0.2991 | β蛋白浓度：0.5000
Batch 10/938 | 损失：0.0502 | 准确率：0.9844 | 睡眠压力：0.3509 | β蛋白浓度：0.5000
Batch 20/938 | 损失：0.1232 | 准确率：0.9688 | 睡眠压力：0.4026 | β蛋白浓度：0.5000
Batch 30/938 | 损失：0.0079 | 准确率：1.0000 | 睡眠压力：0.4543 | β蛋白浓度：0.5000
Batch 40/938 | 损失：0.0531 | 准确率：0.9844 | 睡眠压力：0.5063 | β蛋白浓度：0.5000

=== 触发睡眠 | 当前睡眠压力：0.6217 | 全局β蛋白浓度：0.5000 ===
生成2个睡眠周期 | 周期详情：[(66, 33), (33, 66)]

--- 第1个睡眠周期 | SWS=66步 | REM=33步 ---
SWS记忆巩固完成 | 平均损失：0.0136
=== 激活类淋巴系统，执行脑脊液β蛋白清除 ===
模块0 β蛋白浓度：0.5000
模块1 β蛋白浓度：0.5000
清除完成：权重清除比例0.0500 | 清除死神经元10个
突触稳态调控完成 | 修剪比例：0.0100
REM梦境训练完成 | 平均损失：1.9023

--- 第2个睡眠周期 | SWS=33步 | REM=66步 ---
SWS记忆巩固完成 | 平均损失：0.0665
=== 激活类淋巴系统，执行脑脊液β蛋白清除 ===
模块0 β蛋白浓度：0.5000
模块1 β蛋白浓度：0.5000
清除完成：权重清除比例0.0500 | 清除死神经元10个
突触稳态调控完成 | 修剪比例：0.0100
REM梦境训练完成 | 平均损失：1.3683

=== 睡眠结束 ===
平均SWS损失：0.0400 | 平均REM损失：1.6353
平均β蛋白清除比例：0.0500
Batch 50/938 | 损失：0.0440 | 准确率：0.9844 | 睡眠压力：0.0293 | β蛋白浓度：0.3000
Batch 60/938 | 损失：0.0880 | 准确率：0.9844 | 睡眠压力：0.0803 | β蛋白浓度：0.5000
Batch 70/938 | 损失：0.0819 | 准确率：0.9688 | 睡眠压力：0.1323 | β蛋白浓度：0.5000
Batch 80/938 | 损失：0.0111 | 准确率：1.0000 | 睡眠压力：0.1838 | β蛋白浓度：0.5000
Batch 90/938 | 损失：0.0035 | 准确率：1.0000 | 睡眠压力：0.2353 | β蛋白浓度：0.5000
Batch 100/938 | 损失：0.0494 | 准确率：0.9844 | 睡眠压力：0.2868 | β蛋白浓度：0.5000
Batch 110/938 | 损失：0.0961 | 准确率：0.9531 | 睡眠压力：0.3386 | β蛋白浓度：0.5000
Batch 120/938 | 损失：0.0135 | 准确率：1.0000 | 睡眠压力：0.3904 | β蛋白浓度：0.5000
Batch 130/938 | 损失：0.0383 | 准确率：0.9844 | 睡眠压力：0.4423 | β蛋白浓度：0.5000
Batch 140/938 | 损失：0.0754 | 准确率：0.9688 | 睡眠压力：0.4939 | β蛋白浓度：0.5000

=== 触发睡眠 | 当前睡眠压力：0.6187 | 全局β蛋白浓度：0.5000 ===
生成2个睡眠周期 | 周期详情：[(66, 33), (33, 66)]

--- 第1个睡眠周期 | SWS=66步 | REM=33步 ---
SWS记忆巩固完成 | 平均损失：0.0273
=== 激活类淋巴系统，执行脑脊液β蛋白清除 ===
模块0 β蛋白浓度：0.5000
模块1 β蛋白浓度：0.5000
清除完成：权重清除比例0.0500 | 清除死神经元10个
突触稳态调控完成 | 修剪比例：0.0100
REM梦境训练完成 | 平均损失：1.9055

--- 第2个睡眠周期 | SWS=33步 | REM=66步 ---
SWS记忆巩固完成 | 平均损失：0.0660
=== 激活类淋巴系统，执行脑脊液β蛋白清除 ===
模块0 β蛋白浓度：0.5000
模块1 β蛋白浓度：0.5000
清除完成：权重清除比例0.0500 | 清除死神经元10个
突触稳态调控完成 | 修剪比例：0.0100
REM梦境训练完成 | 平均损失：1.3774

=== 睡眠结束 ===
平均SWS损失：0.0466 | 平均REM损失：1.6414
平均β蛋白清除比例：0.0500
Batch 150/938 | 损失：0.1523 | 准确率：0.9688 | 睡眠压力：0.0197 | β蛋白浓度：0.3000
Batch 160/938 | 损失：0.0959 | 准确率：0.9844 | 睡眠压力：0.0701 | β蛋白浓度：0.5000
Batch 170/938 | 损失：0.1733 | 准确率：0.9531 | 睡眠压力：0.1222 | β蛋白浓度：0.5000
Batch 180/938 | 损失：0.3942 | 准确率：0.9531 | 睡眠压力：0.1739 | β蛋白浓度：0.5000
Batch 190/938 | 损失：0.0130 | 准确率：1.0000 | 睡眠压力：0.2258 | β蛋白浓度：0.5000
Batch 200/938 | 损失：0.0083 | 准确率：1.0000 | 睡眠压力：0.2778 | β蛋白浓度：0.5000
Batch 210/938 | 损失：0.0774 | 准确率：0.9531 | 睡眠压力：0.3297 | β蛋白浓度：0.5000
Batch 220/938 | 损失：0.0146 | 准确率：1.0000 | 睡眠压力：0.3814 | β蛋白浓度：0.5000
Batch 230/938 | 损失：0.0158 | 准确率：1.0000 | 睡眠压力：0.4333 | β蛋白浓度：0.5000
Batch 240/938 | 损失：0.0370 | 准确率：0.9844 | 睡眠压力：0.4851 | β蛋白浓度：0.5000

=== 触发睡眠 | 当前睡眠压力：0.6199 | 全局β蛋白浓度：0.5000 ===
生成2个睡眠周期 | 周期详情：[(66, 33), (33, 66)]

--- 第1个睡眠周期 | SWS=66步 | REM=33步 ---
SWS记忆巩固完成 | 平均损失：0.0181
=== 激活类淋巴系统，执行脑脊液β蛋白清除 ===
模块0 β蛋白浓度：0.5000
模块1 β蛋白浓度：0.5000
清除完成：权重清除比例0.0500 | 清除死神经元10个
突触稳态调控完成 | 修剪比例：0.0100
REM梦境训练完成 | 平均损失：1.8716

--- 第2个睡眠周期 | SWS=33步 | REM=66步 ---
SWS记忆巩固完成 | 平均损失：0.0680
=== 激活类淋巴系统，执行脑脊液β蛋白清除 ===
模块0 β蛋白浓度：0.5000
模块1 β蛋白浓度：0.5000
清除完成：权重清除比例0.0500 | 清除死神经元10个
突触稳态调控完成 | 修剪比例：0.0100
REM梦境训练完成 | 平均损失：1.3654

=== 睡眠结束 ===
平均SWS损失：0.0431 | 平均REM损失：1.6185
平均β蛋白清除比例：0.0500
Batch 250/938 | 损失：0.1073 | 准确率：0.9688 | 睡眠压力：0.0098 | β蛋白浓度：0.3000
Batch 260/938 | 损失：0.1018 | 准确率：0.9844 | 睡眠压力：0.0598 | β蛋白浓度：0.5000
Batch 270/938 | 损失：0.1009 | 准确率：0.9375 | 睡眠压力：0.1114 | β蛋白浓度：0.5000
Batch 280/938 | 损失：0.1532 | 准确率：0.9688 | 睡眠压力：0.1633 | β蛋白浓度：0.5000
Batch 290/938 | 损失：0.1146 | 准确率：0.9531 | 睡眠压力：0.2152 | β蛋白浓度：0.5000
Batch 300/938 | 损失：0.0557 | 准确率：0.9844 | 睡眠压力：0.2670 | β蛋白浓度：0.5000
Batch 310/938 | 损失：0.0798 | 准确率：0.9531 | 睡眠压力：0.3191 | β蛋白浓度：0.5000
Batch 320/938 | 损失：0.0468 | 准确率：0.9844 | 睡眠压力：0.3709 | β蛋白浓度：0.5000
Batch 330/938 | 损失：0.0466 | 准确率：0.9844 | 睡眠压力：0.4226 | β蛋白浓度：0.5000
Batch 340/938 | 损失：0.0173 | 准确率：1.0000 | 睡眠压力：0.4746 | β蛋白浓度：0.5000
Batch 350/938 | 损失：0.0959 | 准确率：0.9688 | 睡眠压力：0.6198 | β蛋白浓度：0.5000

=== 触发睡眠 | 当前睡眠压力：0.6198 | 全局β蛋白浓度：0.5000 ===
生成2个睡眠周期 | 周期详情：[(66, 33), (33, 66)]

--- 第1个睡眠周期 | SWS=66步 | REM=33步 ---
SWS记忆巩固完成 | 平均损失：0.0291
=== 激活类淋巴系统，执行脑脊液β蛋白清除 ===
模块0 β蛋白浓度：0.5000
模块1 β蛋白浓度：0.5000
清除完成：权重清除比例0.0500 | 清除死神经元10个
突触稳态调控完成 | 修剪比例：0.0100
REM梦境训练完成 | 平均损失：1.9063

--- 第2个睡眠周期 | SWS=33步 | REM=66步 ---
SWS记忆巩固完成 | 平均损失：0.0722
=== 激活类淋巴系统，执行脑脊液β蛋白清除 ===
模块0 β蛋白浓度：0.5000
模块1 β蛋白浓度：0.5000
清除完成：权重清除比例0.0500 | 清除死神经元10个
突触稳态调控完成 | 修剪比例：0.0100
REM梦境训练完成 | 平均损失：1.3616

=== 睡眠结束 ===
平均SWS损失：0.0506 | 平均REM损失：1.6340
平均β蛋白清除比例：0.0500
Batch 360/938 | 损失：0.0884 | 准确率：0.9688 | 睡眠压力：0.0493 | β蛋白浓度：0.5000
Batch 370/938 | 损失：0.0228 | 准确率：1.0000 | 睡眠压力：0.1012 | β蛋白浓度：0.5000
Batch 380/938 | 损失：0.0450 | 准确率：0.9844 | 睡眠压力：0.1533 | β蛋白浓度：0.5000
Batch 390/938 | 损失：0.1795 | 准确率：0.9531 | 睡眠压力：0.2051 | β蛋白浓度：0.5000
Batch 400/938 | 损失：0.2860 | 准确率：0.9219 | 睡眠压力：0.2569 | β蛋白浓度：0.5000
Batch 410/938 | 损失：0.0224 | 准确率：1.0000 | 睡眠压力：0.3086 | β蛋白浓度：0.5000
Batch 420/938 | 损失：0.1022 | 准确率：0.9688 | 睡眠压力：0.3606 | β蛋白浓度：0.5000
Batch 430/938 | 损失：0.0266 | 准确率：0.9844 | 睡眠压力：0.4124 | β蛋白浓度：0.5000
Batch 440/938 | 损失：0.0159 | 准确率：1.0000 | 睡眠压力：0.4639 | β蛋白浓度：0.5000
Batch 450/938 | 损失：0.2321 | 准确率：0.9531 | 睡眠压力：0.5155 | β蛋白浓度：0.5000

=== 触发睡眠 | 当前睡眠压力：0.6182 | 全局β蛋白浓度：0.5000 ===
生成2个睡眠周期 | 周期详情：[(66, 33), (33, 66)]

--- 第1个睡眠周期 | SWS=66步 | REM=33步 ---
SWS记忆巩固完成 | 平均损失：0.0192
=== 激活类淋巴系统，执行脑脊液β蛋白清除 ===
模块0 β蛋白浓度：0.5000
模块1 β蛋白浓度：0.5000
清除完成：权重清除比例0.0500 | 清除死神经元10个
突触稳态调控完成 | 修剪比例：0.0100
REM梦境训练完成 | 平均损失：1.7797

--- 第2个睡眠周期 | SWS=33步 | REM=66步 ---
SWS记忆巩固完成 | 平均损失：0.0531
=== 激活类淋巴系统，执行脑脊液β蛋白清除 ===
模块0 β蛋白浓度：0.5000
模块1 β蛋白浓度：0.5000
清除完成：权重清除比例0.0500 | 清除死神经元10个
突触稳态调控完成 | 修剪比例：0.0100
REM梦境训练完成 | 平均损失：1.3375

=== 睡眠结束 ===
平均SWS损失：0.0362 | 平均REM损失：1.5586
平均β蛋白清除比例：0.0500
Batch 460/938 | 损失：0.0610 | 准确率：0.9688 | 睡眠压力：0.0397 | β蛋白浓度：0.3000
Batch 470/938 | 损失：0.1697 | 准确率：0.9375 | 睡眠压力：0.0911 | β蛋白浓度：0.5000
Batch 480/938 | 损失：0.2746 | 准确率：0.9375 | 睡眠压力：0.1429 | β蛋白浓度：0.5000
Batch 490/938 | 损失：0.0551 | 准确率：0.9844 | 睡眠压力：0.1946 | β蛋白浓度：0.5000
Batch 500/938 | 损失：0.0580 | 准确率：0.9688 | 睡眠压力：0.2465 | β蛋白浓度：0.5000
Batch 510/938 | 损失：0.0586 | 准确率：0.9688 | 睡眠压力：0.2981 | β蛋白浓度：0.5000
Batch 520/938 | 损失：0.0170 | 准确率：1.0000 | 睡眠压力：0.3496 | β蛋白浓度：0.5000
Batch 530/938 | 损失：0.0121 | 准确率：1.0000 | 睡眠压力：0.4011 | β蛋白浓度：0.5000
Batch 540/938 | 损失：0.0328 | 准确率：0.9844 | 睡眠压力：0.4531 | β蛋白浓度：0.5000
Batch 550/938 | 损失：0.0252 | 准确率：0.9844 | 睡眠压力：0.5050 | β蛋白浓度：0.5000

=== 触发睡眠 | 当前睡眠压力：0.6183 | 全局β蛋白浓度：0.5000 ===
生成2个睡眠周期 | 周期详情：[(66, 33), (33, 66)]

--- 第1个睡眠周期 | SWS=66步 | REM=33步 ---
SWS记忆巩固完成 | 平均损失：0.0210
=== 激活类淋巴系统，执行脑脊液β蛋白清除 ===
模块0 β蛋白浓度：0.5000
模块1 β蛋白浓度：0.5000
清除完成：权重清除比例0.0500 | 清除死神经元10个
突触稳态调控完成 | 修剪比例：0.0100
REM梦境训练完成 | 平均损失：1.9289

--- 第2个睡眠周期 | SWS=33步 | REM=66步 ---
SWS记忆巩固完成 | 平均损失：0.0630
=== 激活类淋巴系统，执行脑脊液β蛋白清除 ===
模块0 β蛋白浓度：0.5000
模块1 β蛋白浓度：0.5000
清除完成：权重清除比例0.0500 | 清除死神经元10个
突触稳态调控完成 | 修剪比例：0.0100
REM梦境训练完成 | 平均损失：1.3665

=== 睡眠结束 ===
平均SWS损失：0.0420 | 平均REM损失：1.6477
平均β蛋白清除比例：0.0500
Batch 560/938 | 损失：0.0921 | 准确率：0.9844 | 睡眠压力：0.0293 | β蛋白浓度：0.3000
Batch 570/938 | 损失：0.1520 | 准确率：0.9375 | 睡眠压力：0.0801 | β蛋白浓度：0.5000
Batch 580/938 | 损失：0.0144 | 准确率：1.0000 | 睡眠压力：0.1317 | β蛋白浓度：0.5000
Batch 590/938 | 损失：0.0202 | 准确率：1.0000 | 睡眠压力：0.1831 | β蛋白浓度：0.5000
Batch 600/938 | 损失：0.0695 | 准确率：0.9844 | 睡眠压力：0.2347 | β蛋白浓度：0.5000
Batch 610/938 | 损失：0.0227 | 准确率：1.0000 | 睡眠压力：0.2859 | β蛋白浓度：0.5000
Batch 620/938 | 损失：0.0424 | 准确率：0.9688 | 睡眠压力：0.3373 | β蛋白浓度：0.5000
Batch 630/938 | 损失：0.0941 | 准确率：0.9844 | 睡眠压力：0.3886 | β蛋白浓度：0.5000
Batch 640/938 | 损失：0.0696 | 准确率：0.9844 | 睡眠压力：0.4400 | β蛋白浓度：0.5000
Batch 650/938 | 损失：0.0929 | 准确率：0.9688 | 睡眠压力：0.4917 | β蛋白浓度：0.5000

=== 触发睡眠 | 当前睡眠压力：0.6156 | 全局β蛋白浓度：0.5000 ===
生成2个睡眠周期 | 周期详情：[(66, 33), (33, 66)]

--- 第1个睡眠周期 | SWS=66步 | REM=33步 ---
SWS记忆巩固完成 | 平均损失：0.0221
=== 激活类淋巴系统，执行脑脊液β蛋白清除 ===
模块0 β蛋白浓度：0.5000
模块1 β蛋白浓度：0.5000
清除完成：权重清除比例0.0500 | 清除死神经元10个
突触稳态调控完成 | 修剪比例：0.0100
REM梦境训练完成 | 平均损失：1.9291

--- 第2个睡眠周期 | SWS=33步 | REM=66步 ---
SWS记忆巩固完成 | 平均损失：0.0757
=== 激活类淋巴系统，执行脑脊液β蛋白清除 ===
模块0 β蛋白浓度：0.5000
模块1 β蛋白浓度：0.5000
清除完成：权重清除比例0.0500 | 清除死神经元10个
突触稳态调控完成 | 修剪比例：0.0100
REM梦境训练完成 | 平均损失：1.3618

=== 睡眠结束 ===
平均SWS损失：0.0489 | 平均REM损失：1.6455
平均β蛋白清除比例：0.0500
Batch 660/938 | 损失：0.2413 | 准确率：0.9375 | 睡眠压力：0.0197 | β蛋白浓度：0.3000
Batch 670/938 | 损失：0.0791 | 准确率：0.9844 | 睡眠压力：0.0702 | β蛋白浓度：0.5000
Batch 680/938 | 损失：0.0224 | 准确率：1.0000 | 睡眠压力：0.1218 | β蛋白浓度：0.5000
Batch 690/938 | 损失：0.0683 | 准确率：0.9688 | 睡眠压力：0.1734 | β蛋白浓度：0.5000
Batch 700/938 | 损失：0.1203 | 准确率：0.9844 | 睡眠压力：0.2251 | β蛋白浓度：0.5000
Batch 710/938 | 损失：0.0799 | 准确率：0.9844 | 睡眠压力：0.2765 | β蛋白浓度：0.5000
Batch 720/938 | 损失：0.0513 | 准确率：0.9688 | 睡眠压力：0.3279 | β蛋白浓度：0.5000
Batch 730/938 | 损失：0.0559 | 准确率：0.9688 | 睡眠压力：0.3795 | β蛋白浓度：0.5000
Batch 740/938 | 损失：0.0413 | 准确率：0.9688 | 睡眠压力：0.4312 | β蛋白浓度：0.5000
Batch 750/938 | 损失：0.1771 | 准确率：0.9375 | 睡眠压力：0.4828 | β蛋白浓度：0.5000

=== 触发睡眠 | 当前睡眠压力：0.6163 | 全局β蛋白浓度：0.5000 ===
生成2个睡眠周期 | 周期详情：[(66, 33), (33, 66)]

--- 第1个睡眠周期 | SWS=66步 | REM=33步 ---
SWS记忆巩固完成 | 平均损失：0.0270
=== 激活类淋巴系统，执行脑脊液β蛋白清除 ===
模块0 β蛋白浓度：0.5000
模块1 β蛋白浓度：0.5000
清除完成：权重清除比例0.0500 | 清除死神经元10个
突触稳态调控完成 | 修剪比例：0.0100
REM梦境训练完成 | 平均损失：1.9516

--- 第2个睡眠周期 | SWS=33步 | REM=66步 ---
SWS记忆巩固完成 | 平均损失：0.0634
=== 激活类淋巴系统，执行脑脊液β蛋白清除 ===
模块0 β蛋白浓度：0.5000
模块1 β蛋白浓度：0.5000
清除完成：权重清除比例0.0500 | 清除死神经元10个
突触稳态调控完成 | 修剪比例：0.0100
REM梦境训练完成 | 平均损失：1.3647

=== 睡眠结束 ===
平均SWS损失：0.0452 | 平均REM损失：1.6581
平均β蛋白清除比例：0.0500
Batch 760/938 | 损失：0.1045 | 准确率：0.9688 | 睡眠压力：0.0098 | β蛋白浓度：0.3000
Batch 770/938 | 损失：0.0138 | 准确率：1.0000 | 睡眠压力：0.0599 | β蛋白浓度：0.5000
Batch 780/938 | 损失：0.0207 | 准确率：1.0000 | 睡眠压力：0.1113 | β蛋白浓度：0.5000
Batch 790/938 | 损失：0.0973 | 准确率：0.9844 | 睡眠压力：0.1627 | β蛋白浓度：0.5000
Batch 800/938 | 损失：0.0636 | 准确率：0.9844 | 睡眠压力：0.2143 | β蛋白浓度：0.5000
Batch 810/938 | 损失：0.0880 | 准确率：0.9688 | 睡眠压力：0.2657 | β蛋白浓度：0.5000
Batch 820/938 | 损失：0.0639 | 准确率：0.9844 | 睡眠压力：0.3172 | β蛋白浓度：0.5000
Batch 830/938 | 损失：0.0080 | 准确率：1.0000 | 睡眠压力：0.3684 | β蛋白浓度：0.5000
Batch 840/938 | 损失：0.1102 | 准确率：0.9688 | 睡眠压力：0.4197 | β蛋白浓度：0.5000
Batch 850/938 | 损失：0.0864 | 准确率：0.9688 | 睡眠压力：0.4710 | β蛋白浓度：0.5000
Batch 860/938 | 损失：0.0870 | 准确率：0.9688 | 睡眠压力：0.6147 | β蛋白浓度：0.5000

=== 触发睡眠 | 当前睡眠压力：0.6147 | 全局β蛋白浓度：0.5000 ===
生成2个睡眠周期 | 周期详情：[(66, 33), (33, 66)]

--- 第1个睡眠周期 | SWS=66步 | REM=33步 ---
SWS记忆巩固完成 | 平均损失：0.0225
=== 激活类淋巴系统，执行脑脊液β蛋白清除 ===
模块0 β蛋白浓度：0.5000
模块1 β蛋白浓度：0.5000
清除完成：权重清除比例0.0500 | 清除死神经元10个
突触稳态调控完成 | 修剪比例：0.0100
REM梦境训练完成 | 平均损失：1.9646

--- 第2个睡眠周期 | SWS=33步 | REM=66步 ---
SWS记忆巩固完成 | 平均损失：0.0709
=== 激活类淋巴系统，执行脑脊液β蛋白清除 ===
模块0 β蛋白浓度：0.5000
模块1 β蛋白浓度：0.5000
清除完成：权重清除比例0.0500 | 清除死神经元10个
突触稳态调控完成 | 修剪比例：0.0100
REM梦境训练完成 | 平均损失：1.3387

=== 睡眠结束 ===
平均SWS损失：0.0467 | 平均REM损失：1.6516
平均β蛋白清除比例：0.0500
Batch 870/938 | 损失：0.1136 | 准确率：0.9375 | 睡眠压力：0.0495 | β蛋白浓度：0.5000
Batch 880/938 | 损失：0.1261 | 准确率：0.9531 | 睡眠压力：0.1012 | β蛋白浓度：0.5000
Batch 890/938 | 损失：0.1982 | 准确率：0.9531 | 睡眠压力：0.1527 | β蛋白浓度：0.5000
Batch 900/938 | 损失：0.0378 | 准确率：0.9844 | 睡眠压力：0.2040 | β蛋白浓度：0.5000
Batch 910/938 | 损失：0.1073 | 准确率：0.9688 | 睡眠压力：0.2555 | β蛋白浓度：0.5000
Batch 920/938 | 损失：0.0207 | 准确率：1.0000 | 睡眠压力：0.3068 | β蛋白浓度：0.5000
Batch 930/938 | 损失：0.2745 | 准确率：0.9219 | 睡眠压力：0.3582 | β蛋白浓度：0.5000

========== Epoch 5/6 ==========
Batch 0/938 | 损失：0.1019 | 准确率：0.9844 | 睡眠压力：0.3994 | β蛋白浓度：0.5000
Batch 10/938 | 损失：0.0303 | 准确率：1.0000 | 睡眠压力：0.4510 | β蛋白浓度：0.5000
Batch 20/938 | 损失：0.1360 | 准确率：0.9688 | 睡眠压力：0.5024 | β蛋白浓度：0.5000

=== 触发睡眠 | 当前睡眠压力：0.6163 | 全局β蛋白浓度：0.5000 ===
生成2个睡眠周期 | 周期详情：[(66, 33), (33, 66)]

--- 第1个睡眠周期 | SWS=66步 | REM=33步 ---
SWS记忆巩固完成 | 平均损失：0.0323
=== 激活类淋巴系统，执行脑脊液β蛋白清除 ===
模块0 β蛋白浓度：0.5000
模块1 β蛋白浓度：0.5000
清除完成：权重清除比例0.0500 | 清除死神经元10个
突触稳态调控完成 | 修剪比例：0.0100
REM梦境训练完成 | 平均损失：1.8934

--- 第2个睡眠周期 | SWS=33步 | REM=66步 ---
SWS记忆巩固完成 | 平均损失：0.0580
=== 激活类淋巴系统，执行脑脊液β蛋白清除 ===
模块0 β蛋白浓度：0.5000
模块1 β蛋白浓度：0.5000
清除完成：权重清除比例0.0500 | 清除死神经元10个
突触稳态调控完成 | 修剪比例：0.0100
REM梦境训练完成 | 平均损失：1.3086

=== 睡眠结束 ===
平均SWS损失：0.0452 | 平均REM损失：1.6010
平均β蛋白清除比例：0.0500
Batch 30/938 | 损失：0.0277 | 准确率：1.0000 | 睡眠压力：0.0291 | β蛋白浓度：0.3000
Batch 40/938 | 损失：0.0931 | 准确率：0.9844 | 睡眠压力：0.0796 | β蛋白浓度：0.5000
Batch 50/938 | 损失：0.0445 | 准确率：0.9688 | 睡眠压力：0.1308 | β蛋白浓度：0.5000
Batch 60/938 | 损失：0.0434 | 准确率：0.9844 | 睡眠压力：0.1824 | β蛋白浓度：0.5000
Batch 70/938 | 损失：0.0477 | 准确率：0.9844 | 睡眠压力：0.2338 | β蛋白浓度：0.5000
Batch 80/938 | 损失：0.0140 | 准确率：1.0000 | 睡眠压力：0.2852 | β蛋白浓度：0.5000
Batch 90/938 | 损失：0.0175 | 准确率：1.0000 | 睡眠压力：0.3365 | β蛋白浓度：0.5000
Batch 100/938 | 损失：0.0179 | 准确率：1.0000 | 睡眠压力：0.3876 | β蛋白浓度：0.5000
Batch 110/938 | 损失：0.0328 | 准确率：0.9844 | 睡眠压力：0.4389 | β蛋白浓度：0.5000
Batch 120/938 | 损失：0.0208 | 准确率：1.0000 | 睡眠压力：0.4902 | β蛋白浓度：0.5000

=== 触发睡眠 | 当前睡眠压力：0.6127 | 全局β蛋白浓度：0.5000 ===
生成2个睡眠周期 | 周期详情：[(66, 33), (33, 66)]

--- 第1个睡眠周期 | SWS=66步 | REM=33步 ---
SWS记忆巩固完成 | 平均损失：0.0182
=== 激活类淋巴系统，执行脑脊液β蛋白清除 ===
模块0 β蛋白浓度：0.5000
模块1 β蛋白浓度：0.5000
清除完成：权重清除比例0.0500 | 清除死神经元10个
突触稳态调控完成 | 修剪比例：0.0100
REM梦境训练完成 | 平均损失：1.7748

--- 第2个睡眠周期 | SWS=33步 | REM=66步 ---
SWS记忆巩固完成 | 平均损失：0.0595
=== 激活类淋巴系统，执行脑脊液β蛋白清除 ===
模块0 β蛋白浓度：0.5000
模块1 β蛋白浓度：0.5000
清除完成：权重清除比例0.0500 | 清除死神经元10个
突触稳态调控完成 | 修剪比例：0.0100
REM梦境训练完成 | 平均损失：1.3390

=== 睡眠结束 ===
平均SWS损失：0.0389 | 平均REM损失：1.5569
平均β蛋白清除比例：0.0500
Batch 130/938 | 损失：0.1954 | 准确率：0.9375 | 睡眠压力：0.0196 | β蛋白浓度：0.3000
Batch 140/938 | 损失：0.0916 | 准确率：0.9844 | 睡眠压力：0.0698 | β蛋白浓度：0.5000
Batch 150/938 | 损失：0.0997 | 准确率：0.9844 | 睡眠压力：0.1211 | β蛋白浓度：0.5000
Batch 160/938 | 损失：0.1095 | 准确率：0.9688 | 睡眠压力：0.1723 | β蛋白浓度：0.5000
Batch 170/938 | 损失：0.0788 | 准确率：0.9531 | 睡眠压力：0.2235 | β蛋白浓度：0.5000
Batch 180/938 | 损失：0.0649 | 准确率：0.9844 | 睡眠压力：0.2748 | β蛋白浓度：0.5000
Batch 190/938 | 损失：0.0815 | 准确率：0.9531 | 睡眠压力：0.3262 | β蛋白浓度：0.5000
Batch 200/938 | 损失：0.0577 | 准确率：0.9844 | 睡眠压力：0.3777 | β蛋白浓度：0.5000
Batch 210/938 | 损失：0.0578 | 准确率：0.9844 | 睡眠压力：0.4289 | β蛋白浓度：0.5000
Batch 220/938 | 损失：0.1571 | 准确率：0.9531 | 睡眠压力：0.4804 | β蛋白浓度：0.5000

=== 触发睡眠 | 当前睡眠压力：0.6138 | 全局β蛋白浓度：0.5000 ===
生成2个睡眠周期 | 周期详情：[(66, 33), (33, 66)]

--- 第1个睡眠周期 | SWS=66步 | REM=33步 ---
SWS记忆巩固完成 | 平均损失：0.0243
=== 激活类淋巴系统，执行脑脊液β蛋白清除 ===
模块0 β蛋白浓度：0.5000
模块1 β蛋白浓度：0.5000
清除完成：权重清除比例0.0500 | 清除死神经元10个
突触稳态调控完成 | 修剪比例：0.0100
REM梦境训练完成 | 平均损失：1.8491

--- 第2个睡眠周期 | SWS=33步 | REM=66步 ---
SWS记忆巩固完成 | 平均损失：0.0608
=== 激活类淋巴系统，执行脑脊液β蛋白清除 ===
模块0 β蛋白浓度：0.5000
模块1 β蛋白浓度：0.5000
清除完成：权重清除比例0.0500 | 清除死神经元10个
突触稳态调控完成 | 修剪比例：0.0100
REM梦境训练完成 | 平均损失：1.3484

=== 睡眠结束 ===
平均SWS损失：0.0425 | 平均REM损失：1.5987
平均β蛋白清除比例：0.0500
Batch 230/938 | 损失：0.0962 | 准确率：0.9531 | 睡眠压力：0.0097 | β蛋白浓度：0.3000
Batch 240/938 | 损失：0.1092 | 准确率：0.9688 | 睡眠压力：0.0593 | β蛋白浓度：0.5000
Batch 250/938 | 损失：0.0834 | 准确率：0.9688 | 睡眠压力：0.1107 | β蛋白浓度：0.5000
Batch 260/938 | 损失：0.0704 | 准确率：0.9844 | 睡眠压力：0.1619 | β蛋白浓度：0.5000
Batch 270/938 | 损失：0.1064 | 准确率：0.9688 | 睡眠压力：0.2134 | β蛋白浓度：0.5000
Batch 280/938 | 损失：0.0422 | 准确率：0.9844 | 睡眠压力：0.2645 | β蛋白浓度：0.5000
Batch 290/938 | 损失：0.0106 | 准确率：1.0000 | 睡眠压力：0.3156 | β蛋白浓度：0.5000
Batch 300/938 | 损失：0.0134 | 准确率：1.0000 | 睡眠压力：0.3666 | β蛋白浓度：0.5000
Batch 310/938 | 损失：0.0359 | 准确率：0.9844 | 睡眠压力：0.4177 | β蛋白浓度：0.5000
Batch 320/938 | 损失：0.0745 | 准确率：0.9531 | 睡眠压力：0.4691 | β蛋白浓度：0.5000
Batch 330/938 | 损失：0.2623 | 准确率：0.9375 | 睡眠压力：0.6130 | β蛋白浓度：0.5000

=== 触发睡眠 | 当前睡眠压力：0.6130 | 全局β蛋白浓度：0.5000 ===
生成2个睡眠周期 | 周期详情：[(66, 33), (33, 66)]

--- 第1个睡眠周期 | SWS=66步 | REM=33步 ---
SWS记忆巩固完成 | 平均损失：0.0112
=== 激活类淋巴系统，执行脑脊液β蛋白清除 ===
模块0 β蛋白浓度：0.5000
模块1 β蛋白浓度：0.5000
清除完成：权重清除比例0.0500 | 清除死神经元10个
突触稳态调控完成 | 修剪比例：0.0100
REM梦境训练完成 | 平均损失：1.9260

--- 第2个睡眠周期 | SWS=33步 | REM=66步 ---
SWS记忆巩固完成 | 平均损失：0.0619
=== 激活类淋巴系统，执行脑脊液β蛋白清除 ===
模块0 β蛋白浓度：0.5000
模块1 β蛋白浓度：0.5000
清除完成：权重清除比例0.0500 | 清除死神经元10个
突触稳态调控完成 | 修剪比例：0.0100
REM梦境训练完成 | 平均损失：1.3509

=== 睡眠结束 ===
平均SWS损失：0.0365 | 平均REM损失：1.6384
平均β蛋白清除比例：0.0500
Batch 340/938 | 损失：0.0073 | 准确率：1.0000 | 睡眠压力：0.0489 | β蛋白浓度：0.5000
Batch 350/938 | 损失：0.0200 | 准确率：0.9844 | 睡眠压力：0.1003 | β蛋白浓度：0.5000
Batch 360/938 | 损失：0.0866 | 准确率：0.9688 | 睡眠压力：0.1515 | β蛋白浓度：0.5000
Batch 370/938 | 损失：0.0156 | 准确率：1.0000 | 睡眠压力：0.2027 | β蛋白浓度：0.5000
Batch 380/938 | 损失：0.0054 | 准确率：1.0000 | 睡眠压力：0.2539 | β蛋白浓度：0.5000
Batch 390/938 | 损失：0.1103 | 准确率：0.9688 | 睡眠压力：0.3051 | β蛋白浓度：0.5000
Batch 400/938 | 损失：0.1278 | 准确率：0.9688 | 睡眠压力：0.3562 | β蛋白浓度：0.5000
Batch 410/938 | 损失：0.0371 | 准确率：0.9688 | 睡眠压力：0.4075 | β蛋白浓度：0.5000
Batch 420/938 | 损失：0.0285 | 准确率：0.9844 | 睡眠压力：0.4586 | β蛋白浓度：0.5000
Batch 430/938 | 损失：0.2676 | 准确率：0.9219 | 睡眠压力：0.5096 | β蛋白浓度：0.5000

=== 触发睡眠 | 当前睡眠压力：0.6118 | 全局β蛋白浓度：0.5000 ===
生成2个睡眠周期 | 周期详情：[(66, 33), (33, 66)]

--- 第1个睡眠周期 | SWS=66步 | REM=33步 ---
SWS记忆巩固完成 | 平均损失：0.0321
=== 激活类淋巴系统，执行脑脊液β蛋白清除 ===
模块0 β蛋白浓度：0.5000
模块1 β蛋白浓度：0.5000
清除完成：权重清除比例0.0500 | 清除死神经元10个
突触稳态调控完成 | 修剪比例：0.0100
REM梦境训练完成 | 平均损失：1.9067

--- 第2个睡眠周期 | SWS=33步 | REM=66步 ---
SWS记忆巩固完成 | 平均损失：0.0459
=== 激活类淋巴系统，执行脑脊液β蛋白清除 ===
模块0 β蛋白浓度：0.5000
模块1 β蛋白浓度：0.5000
清除完成：权重清除比例0.0500 | 清除死神经元10个
突触稳态调控完成 | 修剪比例：0.0100
REM梦境训练完成 | 平均损失：1.3177

=== 睡眠结束 ===
平均SWS损失：0.0390 | 平均REM损失：1.6122
平均β蛋白清除比例：0.0500
Batch 440/938 | 损失：0.0457 | 准确率：1.0000 | 睡眠压力：0.0387 | β蛋白浓度：0.3000
Batch 450/938 | 损失：0.0301 | 准确率：0.9844 | 睡眠压力：0.0897 | β蛋白浓度：0.5000
Batch 460/938 | 损失：0.2499 | 准确率：0.9531 | 睡眠压力：0.1412 | β蛋白浓度：0.5000
Batch 470/938 | 损失：0.0694 | 准确率：0.9688 | 睡眠压力：0.1926 | β蛋白浓度：0.5000
Batch 480/938 | 损失：0.0327 | 准确率：0.9844 | 睡眠压力：0.2440 | β蛋白浓度：0.5000
Batch 490/938 | 损失：0.0573 | 准确率：0.9844 | 睡眠压力：0.2955 | β蛋白浓度：0.5000
Batch 500/938 | 损失：0.0443 | 准确率：0.9844 | 睡眠压力：0.3467 | β蛋白浓度：0.5000
Batch 510/938 | 损失：0.0624 | 准确率：0.9688 | 睡眠压力：0.3980 | β蛋白浓度：0.5000
Batch 520/938 | 损失：0.0551 | 准确率：0.9844 | 睡眠压力：0.4492 | β蛋白浓度：0.5000
Batch 530/938 | 损失：0.1085 | 准确率：0.9844 | 睡眠压力：0.5002 | β蛋白浓度：0.5000

=== 触发睡眠 | 当前睡眠压力：0.6136 | 全局β蛋白浓度：0.5000 ===
生成2个睡眠周期 | 周期详情：[(66, 33), (33, 66)]

--- 第1个睡眠周期 | SWS=66步 | REM=33步 ---
SWS记忆巩固完成 | 平均损失：0.0123
=== 激活类淋巴系统，执行脑脊液β蛋白清除 ===
模块0 β蛋白浓度：0.5000
模块1 β蛋白浓度：0.5000
清除完成：权重清除比例0.0500 | 清除死神经元10个
突触稳态调控完成 | 修剪比例：0.0100
REM梦境训练完成 | 平均损失：1.9384

--- 第2个睡眠周期 | SWS=33步 | REM=66步 ---
SWS记忆巩固完成 | 平均损失：0.0615
=== 激活类淋巴系统，执行脑脊液β蛋白清除 ===
模块0 β蛋白浓度：0.5000
模块1 β蛋白浓度：0.5000
清除完成：权重清除比例0.0500 | 清除死神经元10个
突触稳态调控完成 | 修剪比例：0.0100
REM梦境训练完成 | 平均损失：1.3677

=== 睡眠结束 ===
平均SWS损失：0.0369 | 平均REM损失：1.6530
平均β蛋白清除比例：0.0500
Batch 540/938 | 损失：0.0591 | 准确率：0.9844 | 睡眠压力：0.0293 | β蛋白浓度：0.3000
Batch 550/938 | 损失：0.0323 | 准确率：0.9844 | 睡眠压力：0.0796 | β蛋白浓度：0.5000
Batch 560/938 | 损失：0.0109 | 准确率：1.0000 | 睡眠压力：0.1307 | β蛋白浓度：0.5000
Batch 570/938 | 损失：0.0821 | 准确率：0.9844 | 睡眠压力：0.1818 | β蛋白浓度：0.5000
Batch 580/938 | 损失：0.0419 | 准确率：0.9688 | 睡眠压力：0.2331 | β蛋白浓度：0.5000
Batch 590/938 | 损失：0.0037 | 准确率：1.0000 | 睡眠压力：0.2844 | β蛋白浓度：0.5000
Batch 600/938 | 损失：0.0281 | 准确率：0.9844 | 睡眠压力：0.3354 | β蛋白浓度：0.5000
Batch 610/938 | 损失：0.0019 | 准确率：1.0000 | 睡眠压力：0.3865 | β蛋白浓度：0.5000
Batch 620/938 | 损失：0.1020 | 准确率：0.9844 | 睡眠压力：0.4376 | β蛋白浓度：0.5000
Batch 630/938 | 损失：0.0150 | 准确率：1.0000 | 睡眠压力：0.4888 | β蛋白浓度：0.5000

=== 触发睡眠 | 当前睡眠压力：0.6114 | 全局β蛋白浓度：0.5000 ===
生成2个睡眠周期 | 周期详情：[(66, 33), (33, 66)]

--- 第1个睡眠周期 | SWS=66步 | REM=33步 ---
SWS记忆巩固完成 | 平均损失：0.0240
=== 激活类淋巴系统，执行脑脊液β蛋白清除 ===
模块0 β蛋白浓度：0.5000
模块1 β蛋白浓度：0.5000
清除完成：权重清除比例0.0500 | 清除死神经元10个
突触稳态调控完成 | 修剪比例：0.0100
REM梦境训练完成 | 平均损失：1.8436

--- 第2个睡眠周期 | SWS=33步 | REM=66步 ---
SWS记忆巩固完成 | 平均损失：0.0643
=== 激活类淋巴系统，执行脑脊液β蛋白清除 ===
模块0 β蛋白浓度：0.5000
模块1 β蛋白浓度：0.5000
清除完成：权重清除比例0.0500 | 清除死神经元10个
突触稳态调控完成 | 修剪比例：0.0100
REM梦境训练完成 | 平均损失：1.3664

=== 睡眠结束 ===
平均SWS损失：0.0441 | 平均REM损失：1.6050
平均β蛋白清除比例：0.0500
Batch 640/938 | 损失：0.1236 | 准确率：0.9375 | 睡眠压力：0.0193 | β蛋白浓度：0.3000
Batch 650/938 | 损失：0.0418 | 准确率：0.9844 | 睡眠压力：0.0689 | β蛋白浓度：0.5000
Batch 660/938 | 损失：0.0752 | 准确率：0.9844 | 睡眠压力：0.1199 | β蛋白浓度：0.5000
Batch 670/938 | 损失：0.1005 | 准确率：0.9688 | 睡眠压力：0.1710 | β蛋白浓度：0.5000
Batch 680/938 | 损失：0.0282 | 准确率：0.9844 | 睡眠压力：0.2221 | β蛋白浓度：0.5000
Batch 690/938 | 损失：0.0193 | 准确率：1.0000 | 睡眠压力：0.2732 | β蛋白浓度：0.5000
Batch 700/938 | 损失：0.0354 | 准确率：0.9844 | 睡眠压力：0.3241 | β蛋白浓度：0.5000
Batch 710/938 | 损失：0.0807 | 准确率：0.9688 | 睡眠压力：0.3754 | β蛋白浓度：0.5000
Batch 720/938 | 损失：0.1524 | 准确率：0.9688 | 睡眠压力：0.4265 | β蛋白浓度：0.5000
Batch 730/938 | 损失：0.0571 | 准确率：0.9688 | 睡眠压力：0.4776 | β蛋白浓度：0.5000

=== 触发睡眠 | 当前睡眠压力：0.6095 | 全局β蛋白浓度：0.5000 ===
生成2个睡眠周期 | 周期详情：[(66, 33), (33, 66)]

--- 第1个睡眠周期 | SWS=66步 | REM=33步 ---
SWS记忆巩固完成 | 平均损失：0.0311
=== 激活类淋巴系统，执行脑脊液β蛋白清除 ===
模块0 β蛋白浓度：0.5000
模块1 β蛋白浓度：0.5000
清除完成：权重清除比例0.0500 | 清除死神经元10个
突触稳态调控完成 | 修剪比例：0.0100
REM梦境训练完成 | 平均损失：1.8241

--- 第2个睡眠周期 | SWS=33步 | REM=66步 ---
SWS记忆巩固完成 | 平均损失：0.0549
=== 激活类淋巴系统，执行脑脊液β蛋白清除 ===
模块0 β蛋白浓度：0.5000
模块1 β蛋白浓度：0.5000
清除完成：权重清除比例0.0500 | 清除死神经元10个
突触稳态调控完成 | 修剪比例：0.0100
REM梦境训练完成 | 平均损失：1.3167

=== 睡眠结束 ===
平均SWS损失：0.0430 | 平均REM损失：1.5704
平均β蛋白清除比例：0.0500
Batch 740/938 | 损失：0.0859 | 准确率：0.9688 | 睡眠压力：0.0097 | β蛋白浓度：0.3000
Batch 750/938 | 损失：0.0428 | 准确率：0.9844 | 睡眠压力：0.0588 | β蛋白浓度：0.5000
Batch 760/938 | 损失：0.0265 | 准确率：0.9844 | 睡眠压力：0.1098 | β蛋白浓度：0.5000
Batch 770/938 | 损失：0.0126 | 准确率：1.0000 | 睡眠压力：0.1609 | β蛋白浓度：0.5000
Batch 780/938 | 损失：0.0151 | 准确率：1.0000 | 睡眠压力：0.2118 | β蛋白浓度：0.5000
Batch 790/938 | 损失：0.2190 | 准确率：0.9219 | 睡眠压力：0.2632 | β蛋白浓度：0.5000
Batch 800/938 | 损失：0.2536 | 准确率：0.9688 | 睡眠压力：0.3142 | β蛋白浓度：0.5000
Batch 810/938 | 损失：0.0422 | 准确率：0.9844 | 睡眠压力：0.3652 | β蛋白浓度：0.5000
Batch 820/938 | 损失：0.0009 | 准确率：1.0000 | 睡眠压力：0.4159 | β蛋白浓度：0.5000
Batch 830/938 | 损失：0.0505 | 准确率：0.9844 | 睡眠压力：0.4666 | β蛋白浓度：0.5000
Batch 840/938 | 损失：0.0116 | 准确率：1.0000 | 睡眠压力：0.6087 | β蛋白浓度：0.5000

=== 触发睡眠 | 当前睡眠压力：0.6087 | 全局β蛋白浓度：0.5000 ===
生成2个睡眠周期 | 周期详情：[(66, 33), (33, 66)]

--- 第1个睡眠周期 | SWS=66步 | REM=33步 ---
SWS记忆巩固完成 | 平均损失：0.0206
=== 激活类淋巴系统，执行脑脊液β蛋白清除 ===
模块0 β蛋白浓度：0.5000
模块1 β蛋白浓度：0.5000
清除完成：权重清除比例0.0500 | 清除死神经元10个
突触稳态调控完成 | 修剪比例：0.0100
REM梦境训练完成 | 平均损失：1.9443

--- 第2个睡眠周期 | SWS=33步 | REM=66步 ---
SWS记忆巩固完成 | 平均损失：0.0962
=== 激活类淋巴系统，执行脑脊液β蛋白清除 ===
模块0 β蛋白浓度：0.5000
模块1 β蛋白浓度：0.5000
清除完成：权重清除比例0.0500 | 清除死神经元10个
突触稳态调控完成 | 修剪比例：0.0100
REM梦境训练完成 | 平均损失：1.3337

=== 睡眠结束 ===
平均SWS损失：0.0584 | 平均REM损失：1.6390
平均β蛋白清除比例：0.0500
Batch 850/938 | 损失：0.2989 | 准确率：0.9688 | 睡眠压力：0.0486 | β蛋白浓度：0.5000
Batch 860/938 | 损失：0.0336 | 准确率：1.0000 | 睡眠压力：0.0996 | β蛋白浓度：0.5000
Batch 870/938 | 损失：0.0695 | 准确率：0.9844 | 睡眠压力：0.1508 | β蛋白浓度：0.5000
Batch 880/938 | 损失：0.0411 | 准确率：0.9844 | 睡眠压力：0.2017 | β蛋白浓度：0.5000
Batch 890/938 | 损失：0.0370 | 准确率：0.9844 | 睡眠压力：0.2527 | β蛋白浓度：0.5000
Batch 900/938 | 损失：0.0294 | 准确率：1.0000 | 睡眠压力：0.3036 | β蛋白浓度：0.5000
Batch 910/938 | 损失：0.0111 | 准确率：1.0000 | 睡眠压力：0.3542 | β蛋白浓度：0.5000
Batch 920/938 | 损失：0.0192 | 准确率：0.9844 | 睡眠压力：0.4051 | β蛋白浓度：0.5000
Batch 930/938 | 损失：0.0339 | 准确率：0.9844 | 睡眠压力：0.4560 | β蛋白浓度：0.5000

========== Epoch 6/6 ==========
Batch 0/938 | 损失：0.0293 | 准确率：1.0000 | 睡眠压力：0.4968 | β蛋白浓度：0.5000

=== 触发睡眠 | 当前睡眠压力：0.6089 | 全局β蛋白浓度：0.5000 ===
生成2个睡眠周期 | 周期详情：[(66, 33), (33, 66)]

--- 第1个睡眠周期 | SWS=66步 | REM=33步 ---
SWS记忆巩固完成 | 平均损失：0.0281
=== 激活类淋巴系统，执行脑脊液β蛋白清除 ===
模块0 β蛋白浓度：0.5000
模块1 β蛋白浓度：0.5000
清除完成：权重清除比例0.0500 | 清除死神经元10个
突触稳态调控完成 | 修剪比例：0.0100
REM梦境训练完成 | 平均损失：2.1931

--- 第2个睡眠周期 | SWS=33步 | REM=66步 ---
SWS记忆巩固完成 | 平均损失：0.0921
=== 激活类淋巴系统，执行脑脊液β蛋白清除 ===
模块0 β蛋白浓度：0.5000
模块1 β蛋白浓度：0.5000
清除完成：权重清除比例0.0500 | 清除死神经元10个
突触稳态调控完成 | 修剪比例：0.0100
REM梦境训练完成 | 平均损失：1.3348

=== 睡眠结束 ===
平均SWS损失：0.0601 | 平均REM损失：1.7640
平均β蛋白清除比例：0.0500
Batch 10/938 | 损失：0.1042 | 准确率：0.9688 | 睡眠压力：0.0288 | β蛋白浓度：0.3000
Batch 20/938 | 损失：0.0323 | 准确率：0.9844 | 睡眠压力：0.0789 | β蛋白浓度：0.5000
Batch 30/938 | 损失：0.0174 | 准确率：1.0000 | 睡眠压力：0.1296 | β蛋白浓度：0.5000
Batch 40/938 | 损失：0.0587 | 准确率：0.9844 | 睡眠压力：0.1805 | β蛋白浓度：0.5000
Batch 50/938 | 损失：0.0220 | 准确率：1.0000 | 睡眠压力：0.2312 | β蛋白浓度：0.5000
Batch 60/938 | 损失：0.0759 | 准确率：0.9688 | 睡眠压力：0.2822 | β蛋白浓度：0.5000
Batch 70/938 | 损失：0.0353 | 准确率：0.9844 | 睡眠压力：0.3331 | β蛋白浓度：0.5000
Batch 80/938 | 损失：0.0382 | 准确率：0.9688 | 睡眠压力：0.3840 | β蛋白浓度：0.5000
Batch 90/938 | 损失：0.0378 | 准确率：0.9844 | 睡眠压力：0.4349 | β蛋白浓度：0.5000
Batch 100/938 | 损失：0.0538 | 准确率：0.9688 | 睡眠压力：0.4858 | β蛋白浓度：0.5000

=== 触发睡眠 | 当前睡眠压力：0.6073 | 全局β蛋白浓度：0.5000 ===
生成2个睡眠周期 | 周期详情：[(66, 33), (33, 66)]

--- 第1个睡眠周期 | SWS=66步 | REM=33步 ---
SWS记忆巩固完成 | 平均损失：0.0194
=== 激活类淋巴系统，执行脑脊液β蛋白清除 ===
模块0 β蛋白浓度：0.5000
模块1 β蛋白浓度：0.5000
清除完成：权重清除比例0.0500 | 清除死神经元10个
突触稳态调控完成 | 修剪比例：0.0100
REM梦境训练完成 | 平均损失：1.9139

--- 第2个睡眠周期 | SWS=33步 | REM=66步 ---
SWS记忆巩固完成 | 平均损失：0.0465
=== 激活类淋巴系统，执行脑脊液β蛋白清除 ===
模块0 β蛋白浓度：0.5000
模块1 β蛋白浓度：0.5000
清除完成：权重清除比例0.0500 | 清除死神经元10个
突触稳态调控完成 | 修剪比例：0.0100
REM梦境训练完成 | 平均损失：1.3077

=== 睡眠结束 ===
平均SWS损失：0.0330 | 平均REM损失：1.6108
平均β蛋白清除比例：0.0500
Batch 110/938 | 损失：0.0173 | 准确率：1.0000 | 睡眠压力：0.0191 | β蛋白浓度：0.3000
Batch 120/938 | 损失：0.0366 | 准确率：0.9844 | 睡眠压力：0.0686 | β蛋白浓度：0.5000
Batch 130/938 | 损失：0.0111 | 准确率：1.0000 | 睡眠压力：0.1193 | β蛋白浓度：0.5000
Batch 140/938 | 损失：0.1137 | 准确率：0.9531 | 睡眠压力：0.1700 | β蛋白浓度：0.5000
Batch 150/938 | 损失：0.1080 | 准确率：0.9375 | 睡眠压力：0.2208 | β蛋白浓度：0.5000
Batch 160/938 | 损失：0.0018 | 准确率：1.0000 | 睡眠压力：0.2714 | β蛋白浓度：0.5000
Batch 170/938 | 损失：0.0445 | 准确率：0.9844 | 睡眠压力：0.3222 | β蛋白浓度：0.5000
Batch 180/938 | 损失：0.0454 | 准确率：0.9688 | 睡眠压力：0.3728 | β蛋白浓度：0.5000
Batch 190/938 | 损失：0.0592 | 准确率：0.9844 | 睡眠压力：0.4237 | β蛋白浓度：0.5000
Batch 200/938 | 损失：0.0781 | 准确率：0.9531 | 睡眠压力：0.4745 | β蛋白浓度：0.5000

=== 触发睡眠 | 当前睡眠压力：0.6065 | 全局β蛋白浓度：0.5000 ===
生成2个睡眠周期 | 周期详情：[(66, 33), (33, 66)]

--- 第1个睡眠周期 | SWS=66步 | REM=33步 ---
SWS记忆巩固完成 | 平均损失：0.0115
=== 激活类淋巴系统，执行脑脊液β蛋白清除 ===
模块0 β蛋白浓度：0.5000
模块1 β蛋白浓度：0.5000
清除完成：权重清除比例0.0500 | 清除死神经元10个
突触稳态调控完成 | 修剪比例：0.0100
REM梦境训练完成 | 平均损失：1.8297

--- 第2个睡眠周期 | SWS=33步 | REM=66步 ---
SWS记忆巩固完成 | 平均损失：0.0345
=== 激活类淋巴系统，执行脑脊液β蛋白清除 ===
模块0 β蛋白浓度：0.5000
模块1 β蛋白浓度：0.5000
清除完成：权重清除比例0.0500 | 清除死神经元10个
突触稳态调控完成 | 修剪比例：0.0100
REM梦境训练完成 | 平均损失：1.2883

=== 睡眠结束 ===
平均SWS损失：0.0230 | 平均REM损失：1.5590
平均β蛋白清除比例：0.0500
Batch 210/938 | 损失：0.0710 | 准确率：0.9688 | 睡眠压力：0.0096 | β蛋白浓度：0.3000
Batch 220/938 | 损失：0.0186 | 准确率：1.0000 | 睡眠压力：0.0584 | β蛋白浓度：0.5000
Batch 230/938 | 损失：0.0539 | 准确率：0.9844 | 睡眠压力：0.1091 | β蛋白浓度：0.5000
Batch 240/938 | 损失：0.0154 | 准确率：1.0000 | 睡眠压力：0.1599 | β蛋白浓度：0.5000
Batch 250/938 | 损失：0.0646 | 准确率：0.9844 | 睡眠压力：0.2108 | β蛋白浓度：0.5000
Batch 260/938 | 损失：0.1676 | 准确率：0.9062 | 睡眠压力：0.2618 | β蛋白浓度：0.5000
Batch 270/938 | 损失：0.0175 | 准确率：1.0000 | 睡眠压力：0.3125 | β蛋白浓度：0.5000
Batch 280/938 | 损失：0.0220 | 准确率：1.0000 | 睡眠压力：0.3633 | β蛋白浓度：0.5000
Batch 290/938 | 损失：0.0521 | 准确率：0.9844 | 睡眠压力：0.4138 | β蛋白浓度：0.5000
Batch 300/938 | 损失：0.0988 | 准确率：0.9844 | 睡眠压力：0.4645 | β蛋白浓度：0.5000
Batch 310/938 | 损失：0.0248 | 准确率：1.0000 | 睡眠压力：0.6065 | β蛋白浓度：0.5000

=== 触发睡眠 | 当前睡眠压力：0.6065 | 全局β蛋白浓度：0.5000 ===
生成2个睡眠周期 | 周期详情：[(66, 33), (33, 66)]

--- 第1个睡眠周期 | SWS=66步 | REM=33步 ---
SWS记忆巩固完成 | 平均损失：0.0126
=== 激活类淋巴系统，执行脑脊液β蛋白清除 ===
模块0 β蛋白浓度：0.5000
模块1 β蛋白浓度：0.5000
清除完成：权重清除比例0.0500 | 清除死神经元10个
突触稳态调控完成 | 修剪比例：0.0100
REM梦境训练完成 | 平均损失：1.8763

--- 第2个睡眠周期 | SWS=33步 | REM=66步 ---
SWS记忆巩固完成 | 平均损失：0.0376
=== 激活类淋巴系统，执行脑脊液β蛋白清除 ===
模块0 β蛋白浓度：0.5000
模块1 β蛋白浓度：0.5000
清除完成：权重清除比例0.0500 | 清除死神经元10个
突触稳态调控完成 | 修剪比例：0.0100
REM梦境训练完成 | 平均损失：1.3116

=== 睡眠结束 ===
平均SWS损失：0.0251 | 平均REM损失：1.5940
平均β蛋白清除比例：0.0500
Batch 320/938 | 损失：0.1119 | 准确率：0.9375 | 睡眠压力：0.0486 | β蛋白浓度：0.5000
Batch 330/938 | 损失：0.1565 | 准确率：0.9688 | 睡眠压力：0.0992 | β蛋白浓度：0.5000
Batch 340/938 | 损失：0.1827 | 准确率：0.9531 | 睡眠压力：0.1499 | β蛋白浓度：0.5000
Batch 350/938 | 损失：0.0196 | 准确率：1.0000 | 睡眠压力：0.2008 | β蛋白浓度：0.5000
Batch 360/938 | 损失：0.0180 | 准确率：1.0000 | 睡眠压力：0.2516 | β蛋白浓度：0.5000
Batch 370/938 | 损失：0.0887 | 准确率：0.9844 | 睡眠压力：0.3026 | β蛋白浓度：0.5000
Batch 380/938 | 损失：0.1826 | 准确率：0.9531 | 睡眠压力：0.3536 | β蛋白浓度：0.5000
Batch 390/938 | 损失：0.0303 | 准确率：0.9688 | 睡眠压力：0.4043 | β蛋白浓度：0.5000
Batch 400/938 | 损失：0.0551 | 准确率：0.9688 | 睡眠压力：0.4550 | β蛋白浓度：0.5000
Batch 410/938 | 损失：0.0823 | 准确率：0.9688 | 睡眠压力：0.5058 | β蛋白浓度：0.5000

=== 触发睡眠 | 当前睡眠压力：0.6072 | 全局β蛋白浓度：0.5000 ===
生成2个睡眠周期 | 周期详情：[(66, 33), (33, 66)]

--- 第1个睡眠周期 | SWS=66步 | REM=33步 ---
SWS记忆巩固完成 | 平均损失：0.0182
=== 激活类淋巴系统，执行脑脊液β蛋白清除 ===
模块0 β蛋白浓度：0.5000
模块1 β蛋白浓度：0.5000
清除完成：权重清除比例0.0500 | 清除死神经元10个
突触稳态调控完成 | 修剪比例：0.0100
REM梦境训练完成 | 平均损失：2.0340

--- 第2个睡眠周期 | SWS=33步 | REM=66步 ---
SWS记忆巩固完成 | 平均损失：0.0762
=== 激活类淋巴系统，执行脑脊液β蛋白清除 ===
模块0 β蛋白浓度：0.5000
模块1 β蛋白浓度：0.5000
清除完成：权重清除比例0.0500 | 清除死神经元10个
突触稳态调控完成 | 修剪比例：0.0100
REM梦境训练完成 | 平均损失：1.3028

=== 睡眠结束 ===
平均SWS损失：0.0472 | 平均REM损失：1.6684
平均β蛋白清除比例：0.0500
Batch 420/938 | 损失：0.0812 | 准确率：0.9844 | 睡眠压力：0.0387 | β蛋白浓度：0.3000
Batch 430/938 | 损失：0.0582 | 准确率：0.9688 | 睡眠压力：0.0892 | β蛋白浓度：0.5000
Batch 440/938 | 损失：0.0295 | 准确率：1.0000 | 睡眠压力：0.1399 | β蛋白浓度：0.5000
Batch 450/938 | 损失：0.0197 | 准确率：1.0000 | 睡眠压力：0.1905 | β蛋白浓度：0.5000
Batch 460/938 | 损失：0.1126 | 准确率：0.9688 | 睡眠压力：0.2412 | β蛋白浓度：0.5000
Batch 470/938 | 损失：0.0894 | 准确率：0.9688 | 睡眠压力：0.2916 | β蛋白浓度：0.5000
Batch 480/938 | 损失：0.0115 | 准确率：1.0000 | 睡眠压力：0.3420 | β蛋白浓度：0.5000
Batch 490/938 | 损失：0.0992 | 准确率：0.9844 | 睡眠压力：0.3930 | β蛋白浓度：0.5000
Batch 500/938 | 损失：0.0241 | 准确率：1.0000 | 睡眠压力：0.4435 | β蛋白浓度：0.5000
Batch 510/938 | 损失：0.0432 | 准确率：0.9844 | 睡眠压力：0.4939 | β蛋白浓度：0.5000

=== 触发睡眠 | 当前睡眠压力：0.6052 | 全局β蛋白浓度：0.5000 ===
生成2个睡眠周期 | 周期详情：[(66, 33), (33, 66)]

--- 第1个睡眠周期 | SWS=66步 | REM=33步 ---
SWS记忆巩固完成 | 平均损失：0.0117
=== 激活类淋巴系统，执行脑脊液β蛋白清除 ===
模块0 β蛋白浓度：0.5000
模块1 β蛋白浓度：0.5000
清除完成：权重清除比例0.0500 | 清除死神经元10个
突触稳态调控完成 | 修剪比例：0.0100
REM梦境训练完成 | 平均损失：1.9532

--- 第2个睡眠周期 | SWS=33步 | REM=66步 ---
SWS记忆巩固完成 | 平均损失：0.0472
=== 激活类淋巴系统，执行脑脊液β蛋白清除 ===
模块0 β蛋白浓度：0.5000
模块1 β蛋白浓度：0.5000
清除完成：权重清除比例0.0500 | 清除死神经元10个
突触稳态调控完成 | 修剪比例：0.0100
REM梦境训练完成 | 平均损失：1.2996

=== 睡眠结束 ===
平均SWS损失：0.0295 | 平均REM损失：1.6264
平均β蛋白清除比例：0.0500
Batch 520/938 | 损失：0.0409 | 准确率：0.9844 | 睡眠压力：0.0286 | β蛋白浓度：0.3000
Batch 530/938 | 损失：0.1471 | 准确率：0.9375 | 睡眠压力：0.0783 | β蛋白浓度：0.5000
Batch 540/938 | 损失：0.0963 | 准确率：0.9688 | 睡眠压力：0.1291 | β蛋白浓度：0.5000
Batch 550/938 | 损失：0.1442 | 准确率：0.9531 | 睡眠压力：0.1799 | β蛋白浓度：0.5000
Batch 560/938 | 损失：0.1459 | 准确率：0.9688 | 睡眠压力：0.2307 | β蛋白浓度：0.5000
Batch 570/938 | 损失：0.0277 | 准确率：0.9844 | 睡眠压力：0.2813 | β蛋白浓度：0.5000
Batch 580/938 | 损失：0.0492 | 准确率：0.9844 | 睡眠压力：0.3318 | β蛋白浓度：0.5000
Batch 590/938 | 损失：0.0201 | 准确率：0.9844 | 睡眠压力：0.3822 | β蛋白浓度：0.5000
Batch 600/938 | 损失：0.0764 | 准确率：0.9688 | 睡眠压力：0.4329 | β蛋白浓度：0.5000
Batch 610/938 | 损失：0.0579 | 准确率：0.9688 | 睡眠压力：0.4834 | β蛋白浓度：0.5000

=== 触发睡眠 | 当前睡眠压力：0.6043 | 全局β蛋白浓度：0.5000 ===
生成2个睡眠周期 | 周期详情：[(66, 33), (33, 66)]

--- 第1个睡眠周期 | SWS=66步 | REM=33步 ---
SWS记忆巩固完成 | 平均损失：0.0186
=== 激活类淋巴系统，执行脑脊液β蛋白清除 ===
模块0 β蛋白浓度：0.5000
模块1 β蛋白浓度：0.5000
清除完成：权重清除比例0.0500 | 清除死神经元10个
突触稳态调控完成 | 修剪比例：0.0100
REM梦境训练完成 | 平均损失：2.0647

--- 第2个睡眠周期 | SWS=33步 | REM=66步 ---
SWS记忆巩固完成 | 平均损失：0.0861
=== 激活类淋巴系统，执行脑脊液β蛋白清除 ===
模块0 β蛋白浓度：0.5000
模块1 β蛋白浓度：0.5000
清除完成：权重清除比例0.0500 | 清除死神经元10个
突触稳态调控完成 | 修剪比例：0.0100
REM梦境训练完成 | 平均损失：1.2922

=== 睡眠结束 ===
平均SWS损失：0.0523 | 平均REM损失：1.6785
平均β蛋白清除比例：0.0500
Batch 620/938 | 损失：0.1733 | 准确率：0.9219 | 睡眠压力：0.0193 | β蛋白浓度：0.3000
Batch 630/938 | 损失：0.1064 | 准确率：0.9688 | 睡眠压力：0.0685 | β蛋白浓度：0.5000
Batch 640/938 | 损失：0.0330 | 准确率：0.9844 | 睡眠压力：0.1189 | β蛋白浓度：0.5000
Batch 650/938 | 损失：0.0462 | 准确率：0.9688 | 睡眠压力：0.1695 | β蛋白浓度：0.5000
Batch 660/938 | 损失：0.1375 | 准确率：0.9531 | 睡眠压力：0.2203 | β蛋白浓度：0.5000
Batch 670/938 | 损失：0.2389 | 准确率：0.9375 | 睡眠压力：0.2711 | β蛋白浓度：0.5000
Batch 680/938 | 损失：0.0179 | 准确率：1.0000 | 睡眠压力：0.3217 | β蛋白浓度：0.5000
Batch 690/938 | 损失：0.0590 | 准确率：0.9844 | 睡眠压力：0.3722 | β蛋白浓度：0.5000
Batch 700/938 | 损失：0.1864 | 准确率：0.9531 | 睡眠压力：0.4227 | β蛋白浓度：0.5000
Batch 710/938 | 损失：0.1251 | 准确率：0.9688 | 睡眠压力：0.4733 | β蛋白浓度：0.5000

=== 触发睡眠 | 当前睡眠压力：0.6040 | 全局β蛋白浓度：0.5000 ===
生成2个睡眠周期 | 周期详情：[(66, 33), (33, 66)]

--- 第1个睡眠周期 | SWS=66步 | REM=33步 ---
SWS记忆巩固完成 | 平均损失：0.0198
=== 激活类淋巴系统，执行脑脊液β蛋白清除 ===
模块0 β蛋白浓度：0.5000
模块1 β蛋白浓度：0.5000
清除完成：权重清除比例0.0500 | 清除死神经元10个
突触稳态调控完成 | 修剪比例：0.0100
REM梦境训练完成 | 平均损失：1.8953

--- 第2个睡眠周期 | SWS=33步 | REM=66步 ---
SWS记忆巩固完成 | 平均损失：0.0608
=== 激活类淋巴系统，执行脑脊液β蛋白清除 ===
模块0 β蛋白浓度：0.5000
模块1 β蛋白浓度：0.5000
清除完成：权重清除比例0.0500 | 清除死神经元10个
突触稳态调控完成 | 修剪比例：0.0100
REM梦境训练完成 | 平均损失：1.3101

=== 睡眠结束 ===
平均SWS损失：0.0403 | 平均REM损失：1.6027
平均β蛋白清除比例：0.0500
Batch 720/938 | 损失：0.0356 | 准确率：0.9844 | 睡眠压力：0.0095 | β蛋白浓度：0.3000
Batch 730/938 | 损失：0.0262 | 准确率：1.0000 | 睡眠压力：0.0580 | β蛋白浓度：0.5000
Batch 740/938 | 损失：0.0570 | 准确率：0.9844 | 睡眠压力：0.1085 | β蛋白浓度：0.5000
Batch 750/938 | 损失：0.0920 | 准确率：0.9688 | 睡眠压力：0.1592 | β蛋白浓度：0.5000
Batch 760/938 | 损失：0.1440 | 准确率：0.9531 | 睡眠压力：0.2097 | β蛋白浓度：0.5000
Batch 770/938 | 损失：0.0627 | 准确率：0.9844 | 睡眠压力：0.2603 | β蛋白浓度：0.5000
Batch 780/938 | 损失：0.2066 | 准确率：0.9688 | 睡眠压力：0.3109 | β蛋白浓度：0.5000
Batch 790/938 | 损失：0.0479 | 准确率：0.9688 | 睡眠压力：0.3615 | β蛋白浓度：0.5000
Batch 800/938 | 损失：0.1167 | 准确率：0.9844 | 睡眠压力：0.4119 | β蛋白浓度：0.5000
Batch 810/938 | 损失：0.0263 | 准确率：0.9844 | 睡眠压力：0.4623 | β蛋白浓度：0.5000
Batch 820/938 | 损失：0.0637 | 准确率：0.9688 | 睡眠压力：0.6043 | β蛋白浓度：0.5000

=== 触发睡眠 | 当前睡眠压力：0.6043 | 全局β蛋白浓度：0.5000 ===
生成2个睡眠周期 | 周期详情：[(66, 33), (33, 66)]

--- 第1个睡眠周期 | SWS=66步 | REM=33步 ---
SWS记忆巩固完成 | 平均损失：0.0175
=== 激活类淋巴系统，执行脑脊液β蛋白清除 ===
模块0 β蛋白浓度：0.5000
模块1 β蛋白浓度：0.5000
清除完成：权重清除比例0.0500 | 清除死神经元10个
突触稳态调控完成 | 修剪比例：0.0100
REM梦境训练完成 | 平均损失：1.7767

--- 第2个睡眠周期 | SWS=33步 | REM=66步 ---
SWS记忆巩固完成 | 平均损失：0.0530
=== 激活类淋巴系统，执行脑脊液β蛋白清除 ===
模块0 β蛋白浓度：0.5000
模块1 β蛋白浓度：0.5000
清除完成：权重清除比例0.0500 | 清除死神经元10个
突触稳态调控完成 | 修剪比例：0.0100
REM梦境训练完成 | 平均损失：1.2976

=== 睡眠结束 ===
平均SWS损失：0.0352 | 平均REM损失：1.5372
平均β蛋白清除比例：0.0500
Batch 830/938 | 损失：0.0764 | 准确率：0.9844 | 睡眠压力：0.0481 | β蛋白浓度：0.5000
Batch 840/938 | 损失：0.0162 | 准确率：1.0000 | 睡眠压力：0.0985 | β蛋白浓度：0.5000
Batch 850/938 | 损失：0.0143 | 准确率：1.0000 | 睡眠压力：0.1490 | β蛋白浓度：0.5000
Batch 860/938 | 损失：0.0176 | 准确率：1.0000 | 睡眠压力：0.1994 | β蛋白浓度：0.5000
Batch 870/938 | 损失：0.0212 | 准确率：1.0000 | 睡眠压力：0.2498 | β蛋白浓度：0.5000
Batch 880/938 | 损失：0.0529 | 准确率：0.9844 | 睡眠压力：0.3001 | β蛋白浓度：0.5000
Batch 890/938 | 损失：0.0285 | 准确率：0.9844 | 睡眠压力：0.3509 | β蛋白浓度：0.5000
Batch 900/938 | 损失：0.1739 | 准确率：0.9531 | 睡眠压力：0.4014 | β蛋白浓度：0.5000
Batch 910/938 | 损失：0.1317 | 准确率：0.9531 | 睡眠压力：0.4520 | β蛋白浓度：0.5000
Batch 920/938 | 损失：0.0992 | 准确率：0.9688 | 睡眠压力：0.5024 | β蛋白浓度：0.5000

=== 触发睡眠 | 当前睡眠压力：0.6032 | 全局β蛋白浓度：0.5000 ===
生成2个睡眠周期 | 周期详情：[(66, 33), (33, 66)]

--- 第1个睡眠周期 | SWS=66步 | REM=33步 ---
SWS记忆巩固完成 | 平均损失：0.0127
=== 激活类淋巴系统，执行脑脊液β蛋白清除 ===
模块0 β蛋白浓度：0.5000
模块1 β蛋白浓度：0.5000
清除完成：权重清除比例0.0500 | 清除死神经元10个
突触稳态调控完成 | 修剪比例：0.0100
REM梦境训练完成 | 平均损失：2.0206

--- 第2个睡眠周期 | SWS=33步 | REM=66步 ---
SWS记忆巩固完成 | 平均损失：0.0438
=== 激活类淋巴系统，执行脑脊液β蛋白清除 ===
模块0 β蛋白浓度：0.5000
模块1 β蛋白浓度：0.5000
清除完成：权重清除比例0.0500 | 清除死神经元10个
突触稳态调控完成 | 修剪比例：0.0100
REM梦境训练完成 | 平均损失：1.3090

=== 睡眠结束 ===
平均SWS损失：0.0283 | 平均REM损失：1.6648
平均β蛋白清除比例：0.0500
Batch 930/938 | 损失：0.0117 | 准确率：1.0000 | 睡眠压力：0.0380 | β蛋白浓度：0.3000
